16:40:57.009 [main] TRACE - Resolving type for handle cttwocellanchor1e8dtype
16:40:57.022 [main] TRACE - Resolving type for handle ctmarkeree8etype
16:40:57.025 [main] TRACE - Resolving type for handle strowidf4cftype
16:40:57.032 [main] TRACE - Resolving type for handle ctcalccellb960type
16:40:57.036 [main] TRACE - Resolving type for handle ctmergecells1242type
16:40:57.037 [main] TRACE - Resolving type for handle ctmergecelle8d9type
16:40:57.119 [main] TRACE - Resolving type for handle ctworkbookprotection56bctype
16:40:57.139 [main] TRACE - Resolving type for handle ctnumfmtsb58btype
16:40:57.173 [main] DEBUG - Save content types part
16:40:57.274 [main] DEBUG - Save package relationships
16:40:57.280 [main] DEBUG - Save part 'docProps/app.xml'
16:40:57.281 [main] DEBUG - Save part 'docProps/core.xml'
16:40:57.284 [main] DEBUG - Save part 'xl/charts/chart1.xml'
16:40:57.286 [main] DEBUG - Save part 'xl/charts/chart2.xml'
16:40:57.288 [main] DEBUG - Save part 'xl/charts/chart3.xml'
16:40:57.290 [main] DEBUG - Save part 'xl/charts/chart4.xml'
16:40:57.290 [main] DEBUG - Save part 'xl/charts/chart5.xml'
16:40:57.292 [main] DEBUG - Save part 'xl/charts/chart6.xml'
16:40:57.292 [main] DEBUG - Save part 'xl/charts/chart7.xml'
16:40:57.292 [main] DEBUG - Save part 'xl/charts/chart8.xml'
16:40:57.294 [main] DEBUG - Save part 'xl/charts/chart9.xml'
16:40:57.294 [main] DEBUG - Save part 'xl/charts/chart10.xml'
16:40:57.294 [main] DEBUG - Save part 'xl/drawings/drawing1.xml'
16:40:57.296 [main] DEBUG - Save part 'xl/drawings/drawing2.xml'
16:40:57.296 [main] DEBUG - Save part 'xl/drawings/drawing3.xml'
16:40:57.296 [main] DEBUG - Save part 'xl/drawings/drawing4.xml'
16:40:57.297 [main] DEBUG - Save part 'xl/drawings/drawing5.xml'
16:40:57.298 [main] DEBUG - Save part 'xl/drawings/drawing6.xml'
16:40:57.299 [main] DEBUG - Save part 'xl/drawings/drawing7.xml'
16:40:57.300 [main] DEBUG - Save part 'xl/drawings/drawing8.xml'
16:40:57.302 [main] DEBUG - Save part 'xl/drawings/drawing9.xml'
16:40:57.302 [main] DEBUG - Save part 'xl/externalLinks/externalLink1.xml'
16:40:57.304 [main] DEBUG - Save part 'xl/printerSettings/printerSettings1.bin'
16:40:57.305 [main] DEBUG - Save part 'xl/printerSettings/printerSettings2.bin'
16:40:57.305 [main] DEBUG - Save part 'xl/printerSettings/printerSettings3.bin'
16:40:57.305 [main] DEBUG - Save part 'xl/printerSettings/printerSettings4.bin'
16:40:57.306 [main] DEBUG - Save part 'xl/printerSettings/printerSettings7.bin'
16:40:57.306 [main] DEBUG - Save part 'xl/sharedStrings.xml'
16:40:57.306 [main] DEBUG - Save part 'xl/styles.xml'
16:40:57.306 [main] DEBUG - Save part 'xl/theme/theme1.xml'
16:40:57.307 [main] DEBUG - Save part 'xl/workbook.xml'
16:40:57.308 [main] DEBUG - Save part 'xl/worksheets/sheet1.xml'
16:40:57.310 [main] DEBUG - Save part 'xl/worksheets/sheet2.xml'
16:40:57.312 [main] DEBUG - Save part 'xl/worksheets/sheet3.xml'
16:40:57.313 [main] DEBUG - Save part 'xl/worksheets/sheet4.xml'
16:40:57.315 [main] DEBUG - Save part 'xl/worksheets/sheet8.xml'
13:05:36.157 [main] DEBUG - Parsing relationship: /xl/charts/_rels/chart1.xml.rels
13:05:36.162 [main] DEBUG - Parsing relationship: /xl/charts/_rels/chart2.xml.rels
13:05:36.164 [main] DEBUG - Parsing relationship: /xl/charts/_rels/chart3.xml.rels
13:05:36.165 [main] DEBUG - Parsing relationship: /xl/charts/_rels/chart5.xml.rels
13:05:36.166 [main] DEBUG - Parsing relationship: /xl/charts/_rels/chart8.xml.rels
13:05:36.167 [main] DEBUG - Parsing relationship: /xl/drawings/_rels/drawing1.xml.rels
13:05:36.168 [main] DEBUG - Parsing relationship: /xl/drawings/_rels/drawing5.xml.rels
13:05:36.169 [main] DEBUG - Parsing relationship: /xl/drawings/_rels/drawing7.xml.rels
13:05:36.170 [main] DEBUG - Parsing relationship: /xl/drawings/_rels/drawing8.xml.rels
13:05:36.171 [main] DEBUG - Parsing relationship: /xl/drawings/_rels/drawing10.xml.rels
13:05:36.173 [main] DEBUG - Parsing relationship: /xl/drawings/_rels/drawing11.xml.rels
13:05:36.174 [main] DEBUG - Parsing relationship: /xl/externalLinks/_rels/externalLink1.xml.rels
13:05:36.176 [main] DEBUG - Parsing relationship: /xl/_rels/workbook.xml.rels
13:05:36.178 [main] DEBUG - Parsing relationship: /xl/worksheets/_rels/sheet1.xml.rels
13:05:36.179 [main] DEBUG - Parsing relationship: /xl/worksheets/_rels/sheet2.xml.rels
13:05:36.181 [main] DEBUG - Parsing relationship: /xl/worksheets/_rels/sheet3.xml.rels
13:05:36.182 [main] DEBUG - Parsing relationship: /xl/worksheets/_rels/sheet4.xml.rels
13:05:36.184 [main] DEBUG - Parsing relationship: /xl/worksheets/_rels/sheet6.xml.rels
13:05:36.185 [main] DEBUG - Parsing relationship: /xl/worksheets/_rels/sheet7.xml.rels
13:05:36.187 [main] DEBUG - Parsing relationship: /xl/worksheets/_rels/sheet8.xml.rels
13:05:36.188 [main] DEBUG - Parsing relationship: /_rels/.rels
13:05:36.364 [main] TRACE - Loading type system org.apache.poi.schemas.ooxml.system.ooxml
13:05:36.367 [main] TRACE - Loading type system org.apache.xmlbeans.metadata.system.sXMLCONFIG
13:05:36.368 [main] TRACE - Loading type system org.apache.xmlbeans.metadata.system.sXMLLANG
13:05:36.368 [main] TRACE - Loading type system org.apache.xmlbeans.metadata.system.sXMLSCHEMA
13:05:36.369 [main] TRACE - Loading type system org.apache.xmlbeans.metadata.system.sXMLTOOLS
13:05:36.369 [main] TRACE - Reading unresolved handles for type system org.apache.xmlbeans.metadata.system.sXMLTOOLS
13:05:36.381 [main] TRACE - Finished loading type system org.apache.xmlbeans.metadata.system.sXMLTOOLS
13:05:36.382 [main] TRACE - Reading unresolved handles for type system org.apache.xmlbeans.metadata.system.sXMLSCHEMA
13:05:36.388 [main] TRACE - Finished loading type system org.apache.xmlbeans.metadata.system.sXMLSCHEMA
13:05:36.388 [main] TRACE - Reading unresolved handles for type system org.apache.xmlbeans.metadata.system.sXMLLANG
13:05:36.389 [main] TRACE - Finished loading type system org.apache.xmlbeans.metadata.system.sXMLLANG
13:05:36.390 [main] TRACE - Reading unresolved handles for type system org.apache.xmlbeans.metadata.system.sXMLCONFIG
13:05:36.390 [main] TRACE - Finished loading type system org.apache.xmlbeans.metadata.system.sXMLCONFIG
13:05:36.391 [main] TRACE - Reading unresolved handles for type system org.apache.poi.schemas.ooxml.system.ooxml
13:05:36.428 [main] TRACE - Finished loading type system org.apache.poi.schemas.ooxml.system.ooxml
13:05:36.428 [main] TRACE - Resolving type for handle themefd26doctype
13:05:36.478 [main] TRACE - Resolving type for handle stylesheet5d8bdoctype
13:05:36.486 [main] TRACE - Resolving type for handle ctstylesheet4257type
13:05:36.489 [main] TRACE - Resolving type for handle ctcolors6579type
13:05:36.492 [main] TRACE - Resolving type for handle ctfonts6623type
13:05:36.493 [main] TRACE - Resolving type for handle ctfont14d8type
13:05:36.497 [main] TRACE - Resolving type for handle ctfills2c6ftype
13:05:36.500 [main] TRACE - Resolving type for handle ctfill550ctype
13:05:36.502 [main] TRACE - Resolving type for handle ctborders0d66type
13:05:36.504 [main] TRACE - Resolving type for handle ctborderf935type
13:05:36.506 [main] TRACE - Resolving type for handle ctcellxfs1322type
13:05:36.509 [main] TRACE - Resolving type for handle ctxf97f7type
13:05:36.511 [main] TRACE - Resolving type for handle ctcellstylexfsa81ftype
13:05:36.513 [main] TRACE - Resolving type for handle ctdxfsb26atype
13:05:36.515 [main] TRACE - Resolving type for handle cttablestyles872ftype
13:05:36.519 [main] TRACE - Resolving type for handle sstf81fdoctype
13:05:36.523 [main] TRACE - Resolving type for handle ctsst44f3type
13:05:36.530 [main] TRACE - Resolving type for handle ctrsta472type
13:05:36.554 [main] TRACE - Resolving type for handle calcchainfc37doctype
13:05:36.556 [main] TRACE - Resolving type for handle ctcalcchain5a0btype
13:05:36.559 [main] TRACE - Resolving type for handle externallinkb4c2doctype
13:05:36.562 [main] TRACE - Resolving type for handle ctexternallink966etype
13:05:36.564 [main] DEBUG - using default POIXMLDocumentPart for http://schemas.openxmlformats.org/officeDocument/2006/relationships/printerSettings
13:05:36.566 [main] TRACE - Resolving type for handle ctdrawing2748type
13:05:36.576 [main] TRACE - Resolving type for handle chartspace36e0doctype
13:05:36.580 [main] TRACE - Resolving type for handle ctchartspacef9b4type
13:05:36.587 [main] DEBUG - using default POIXMLDocumentPart for http://schemas.openxmlformats.org/officeDocument/2006/relationships/chartUserShapes
13:05:36.588 [main] DEBUG - using default POIXMLDocumentPart for http://schemas.openxmlformats.org/officeDocument/2006/relationships/chartUserShapes
13:05:36.588 [main] DEBUG - using default POIXMLDocumentPart for http://schemas.openxmlformats.org/officeDocument/2006/relationships/chartUserShapes
13:05:36.588 [main] DEBUG - using default POIXMLDocumentPart for http://schemas.openxmlformats.org/officeDocument/2006/relationships/printerSettings
13:05:36.594 [main] DEBUG - using default POIXMLDocumentPart for http://schemas.openxmlformats.org/officeDocument/2006/relationships/chartUserShapes
13:05:36.594 [main] DEBUG - using default POIXMLDocumentPart for http://schemas.openxmlformats.org/officeDocument/2006/relationships/printerSettings
13:05:36.599 [main] DEBUG - using default POIXMLDocumentPart for http://schemas.openxmlformats.org/officeDocument/2006/relationships/printerSettings
13:05:36.607 [main] DEBUG - using default POIXMLDocumentPart for http://schemas.openxmlformats.org/officeDocument/2006/relationships/chartUserShapes
13:05:36.607 [main] DEBUG - using default POIXMLDocumentPart for http://schemas.openxmlformats.org/officeDocument/2006/relationships/printerSettings
13:05:36.611 [main] DEBUG - using default POIXMLDocumentPart for http://schemas.openxmlformats.org/officeDocument/2006/relationships/printerSettings
13:05:36.615 [main] DEBUG - using default POIXMLDocumentPart for http://schemas.openxmlformats.org/officeDocument/2006/relationships/printerSettings
13:05:36.616 [main] TRACE - Resolving type for handle workbookec17doctype
13:05:36.620 [main] TRACE - Resolving type for handle ctworkbook83c3type
13:05:36.625 [main] TRACE - Resolving type for handle ctsheets49fdtype
13:05:36.627 [main] TRACE - Resolving type for handle ctsheet4dbetype
13:05:36.629 [main] TRACE - Resolving type for handle strelationshipid1e94type
13:05:36.631 [main] TRACE - Resolving type for handle worksheetf539doctype
13:05:36.635 [main] TRACE - Resolving type for handle ctworksheet530dtype
13:05:36.641 [main] TRACE - Resolving type for handle ctcols627ctype
13:05:36.646 [main] TRACE - Resolving type for handle ctcola95ftype
13:05:36.661 [main] TRACE - Resolving type for handle ctsheetdata8408type
13:05:36.669 [main] TRACE - Resolving type for handle ctrowdd39type
13:05:36.672 [main] TRACE - Resolving type for handle ctcell842btype
13:05:36.678 [main] TRACE - Resolving type for handle stcellrefe4e0type
13:05:36.709 [main] TRACE - Resolving type for handle ctcellformula3583type
13:05:36.712 [main] TRACE - Resolving type for handle stcellformulatypee2cdtype
13:05:36.716 [main] TRACE - Resolving type for handle ctexternalreferencesd77ctype
13:05:36.719 [main] TRACE - Resolving type for handle ctexternalreference945ftype
13:05:36.723 [main] TRACE - Resolving type for handle ctdefinednamesce48type
13:05:36.725 [main] TRACE - Resolving type for handle ctdefinedname9413type
13:05:36.727 [main] TRACE - Resolving type for handle stxstringf179type
13:05:36.732 [main] TRACE - Resolving type for handle stsheetstate158btype
13:05:36.745 [main] TRACE - Resolving type for handle stcelltypebf95type
13:05:36.750 [main] TRACE - Resolving type for handle ctsheetprotection22f7type
13:05:36.786 [main] TRACE - Resolving type for handle stnumfmtid76fbtype
13:05:36.787 [main] TRACE - Resolving type for handle stfontid9d63type
13:05:36.788 [main] TRACE - Resolving type for handle stfillida097type
13:05:36.789 [main] TRACE - Resolving type for handle stborderid1a80type
13:05:36.790 [main] TRACE - Resolving type for handle stcellstylexfid70c7type
13:05:36.793 [main] TRACE - Resolving type for handle ctcellalignmentb580type
13:05:36.795 [main] TRACE - Resolving type for handle stverticalalignmentd35ctype
13:05:36.798 [main] TRACE - Resolving type for handle ctborderpre497type
13:05:36.800 [main] TRACE - Resolving type for handle stborderstylec774type
13:05:36.803 [main] TRACE - Resolving type for handle ctcolord2c2type
13:05:36.811 [main] TRACE - Resolving type for handle ctfontname2dc3type
13:05:36.813 [main] TRACE - Resolving type for handle ctfontsizeb3b9type
13:05:36.814 [main] TRACE - Resolving type for handle ctbooleanproperty1f3ctype
13:05:36.820 [main] TRACE - Resolving type for handle stunsignedinthex27datype
13:05:36.829 [main] TRACE - Resolving type for handle sthorizontalalignmentf92etype
13:05:36.841 [main] TRACE - Resolving type for handle ctdrawing44fdtype
13:05:36.842 [main] TRACE - Resolving type for handle ctchartc108type
13:05:36.844 [main] TRACE - Resolving type for handle cttitleb54etype
13:05:36.853 [main] TRACE - Resolving type for handle cttx9678type
13:05:36.854 [main] TRACE - Resolving type for handle cttextbodya3catype
13:05:36.856 [main] TRACE - Resolving type for handle cttextparagraphcaf2type
13:05:36.858 [main] TRACE - Resolving type for handle ctregulartextrun7e3dtype
13:05:36.866 [main] TRACE - Resolving type for handle ctplotarea106etype
13:05:36.871 [main] TRACE - Resolving type for handle ctcatax7159type
13:05:36.875 [main] TRACE - Resolving type for handle ctunsignedinte8ectype
13:05:36.876 [main] TRACE - Resolving type for handle ctvalaxd06etype
13:05:36.879 [main] TRACE - Resolving type for handle ctbarchart4151type
13:05:36.884 [main] TRACE - Resolving type for handle ctbardir5f42type
13:05:36.888 [main] TRACE - Resolving type for handle ctbarser960ftype
13:05:36.891 [main] TRACE - Resolving type for handle ctaxdatasource1440type
13:05:36.894 [main] TRACE - Resolving type for handle ctnumdatasourcef0bbtype
13:05:36.901 [main] TRACE - Resolving type for handle ctstrref5d1atype
13:05:36.905 [main] TRACE - Resolving type for handle ctstrdatad58btype
13:05:36.907 [main] TRACE - Resolving type for handle ctnumref062ftype
13:05:36.908 [main] TRACE - Resolving type for handle ctnumdata4f16type
13:05:36.927 [main] TRACE - Resolving type for handle ctworkbookpr03a5type
13:05:36.930 [main] TRACE - Resolving type for handle ctbookviewsb864type
13:05:36.932 [main] TRACE - Resolving type for handle ctbookviewf677type
13:05:36.937 [main] TRACE - Resolving type for handle propertiesee84doctype
13:05:36.938 [main] TRACE - Resolving type for handle ctproperties3f10type
13:05:36.943 [main] TRACE - Resolving type for handle properties288cdoctype
13:05:36.945 [main] TRACE - Resolving type for handle ctproperties2c18type
13:05:36.950 [main] TRACE - Resolving type for handle ctfontfamily685ctype
13:05:36.951 [main] TRACE - Resolving type for handle stfontfamily9c6ctype
13:05:36.954 [main] TRACE - Resolving type for handle ctfontschemebf5dtype
13:05:36.955 [main] TRACE - Resolving type for handle stfontschemef36dtype
13:05:36.956 [main] TRACE - Resolving type for handle ctpatternfill7452type
13:05:36.959 [main] TRACE - Resolving type for handle stpatterntype7939type
13:05:36.961 [main] TRACE - Resolving type for handle ctsheetformatprdef7type
13:05:36.964 [main] TRACE - Resolving type for handle ctsheetviewsb918type
13:05:36.966 [main] TRACE - Resolving type for handle ctsheetview0f43type
13:05:36.970 [main] TRACE - Resolving type for handle ctsheetdimensiond310type
13:05:36.971 [main] TRACE - Resolving type for handle stref90a2type
13:05:36.972 [main] TRACE - Resolving type for handle ctpagemargins5455type
13:05:36.975 [main] TRACE - Resolving type for handle ctstrval86cctype
13:05:36.977 [main] TRACE - Resolving type for handle ctnumval2fe1type
13:05:36.980 [main] TRACE - Resolving type for handle ctpaneaab1type
13:05:36.983 [main] TRACE - Resolving type for handle stpane2ac1type
13:05:36.984 [main] TRACE - Resolving type for handle stpanestateae58type
13:05:36.986 [main] TRACE - Resolving type for handle ctselectionca2btype
13:05:36.992 [main] TRACE - Resolving type for handle cttwocellanchor1e8dtype
13:05:36.994 [main] TRACE - Resolving type for handle ctmarkeree8etype
13:05:36.997 [main] TRACE - Resolving type for handle strowidf4cftype
13:05:37.006 [main] TRACE - Resolving type for handle ctcalccellb960type
13:05:37.012 [main] TRACE - Resolving type for handle ctmergecells1242type
13:05:37.014 [main] TRACE - Resolving type for handle ctmergecelle8d9type
13:05:37.093 [main] TRACE - Resolving type for handle ctworkbookprotection56bctype
13:05:37.117 [main] TRACE - Resolving type for handle ctnumfmtsb58btype
13:05:37.167 [main] DEBUG - Save content types part
13:05:37.299 [main] DEBUG - Save package relationships
13:05:37.302 [main] DEBUG - Save part 'docProps/app.xml'
13:05:37.303 [main] DEBUG - Save part 'docProps/core.xml'
13:05:37.305 [main] DEBUG - Save part 'xl/charts/chart1.xml'
13:05:37.306 [main] DEBUG - Save part 'xl/charts/chart2.xml'
13:05:37.307 [main] DEBUG - Save part 'xl/charts/chart3.xml'
13:05:37.309 [main] DEBUG - Save part 'xl/charts/chart4.xml'
13:05:37.310 [main] DEBUG - Save part 'xl/charts/chart5.xml'
13:05:37.311 [main] DEBUG - Save part 'xl/charts/chart6.xml'
13:05:37.311 [main] DEBUG - Save part 'xl/charts/chart7.xml'
13:05:37.311 [main] DEBUG - Save part 'xl/charts/chart8.xml'
13:05:37.313 [main] DEBUG - Save part 'xl/charts/chart9.xml'
13:05:37.313 [main] DEBUG - Save part 'xl/charts/chart10.xml'
13:05:37.314 [main] DEBUG - Save part 'xl/drawings/drawing1.xml'
13:05:37.316 [main] DEBUG - Save part 'xl/drawings/drawing2.xml'
13:05:37.316 [main] DEBUG - Save part 'xl/drawings/drawing3.xml'
13:05:37.317 [main] DEBUG - Save part 'xl/drawings/drawing4.xml'
13:05:37.317 [main] DEBUG - Save part 'xl/drawings/drawing5.xml'
13:05:37.319 [main] DEBUG - Save part 'xl/drawings/drawing6.xml'
13:05:37.319 [main] DEBUG - Save part 'xl/drawings/drawing7.xml'
13:05:37.321 [main] DEBUG - Save part 'xl/drawings/drawing8.xml'
13:05:37.322 [main] DEBUG - Save part 'xl/drawings/drawing9.xml'
13:05:37.323 [main] DEBUG - Save part 'xl/externalLinks/externalLink1.xml'
13:05:37.324 [main] DEBUG - Save part 'xl/printerSettings/printerSettings1.bin'
13:05:37.324 [main] DEBUG - Save part 'xl/printerSettings/printerSettings2.bin'
13:05:37.324 [main] DEBUG - Save part 'xl/printerSettings/printerSettings3.bin'
13:05:37.324 [main] DEBUG - Save part 'xl/printerSettings/printerSettings4.bin'
13:05:37.324 [main] DEBUG - Save part 'xl/printerSettings/printerSettings7.bin'
13:05:37.325 [main] DEBUG - Save part 'xl/sharedStrings.xml'
13:05:37.325 [main] DEBUG - Save part 'xl/styles.xml'
13:05:37.325 [main] DEBUG - Save part 'xl/theme/theme1.xml'
13:05:37.325 [main] DEBUG - Save part 'xl/workbook.xml'
13:05:37.327 [main] DEBUG - Save part 'xl/worksheets/sheet1.xml'
13:05:37.328 [main] DEBUG - Save part 'xl/worksheets/sheet2.xml'
13:05:37.328 [main] DEBUG - Save part 'xl/worksheets/sheet3.xml'
13:05:37.329 [main] DEBUG - Save part 'xl/worksheets/sheet4.xml'
13:05:37.331 [main] DEBUG - Save part 'xl/worksheets/sheet8.xml'
11:42:55.686 [main] DEBUG - suiteXmlPath: "C:\Users\SUHASS~1\AppData\Local\Temp\testng-eclipse--1402407317\testng-customsuite.xml"
11:42:55.954 [main] INFO  - [Utils] MethodGroupsHelper.collectMethodsByGroup() took 1 ms.
11:42:55.957 [main] INFO  - [Utils] MethodGroupsHelper.sortMethods() took 1 ms.
11:42:55.959 [main] INFO  - [Utils] MethodGroupsHelper.collectMethodsByGroup() took 0 ms.
11:42:55.959 [main] INFO  - [Utils] MethodGroupsHelper.sortMethods() took 0 ms.
11:42:55.959 [main] INFO  - [Utils] MethodGroupsHelper.collectMethodsByGroup() took 0 ms.
11:42:55.959 [main] INFO  - [Utils] MethodGroupsHelper.sortMethods() took 0 ms.
11:42:55.959 [main] INFO  - [Utils] MethodGroupsHelper.collectMethodsByGroup() took 0 ms.
11:42:55.960 [main] INFO  - [Utils] MethodGroupsHelper.sortMethods() took 0 ms.
11:42:55.962 [main] INFO  - [Utils] MethodGroupsHelper.collectMethodsByGroup() took 1 ms.
11:42:55.968 [main] TRACE - [Graph] ADDING NODE AbstractTestNGCucumberTests.setUpClass(org.testng.ITestContext)[pri:0, instance:null] -393284817
11:42:55.968 [main] TRACE - [Graph] ================ SORTING
11:42:55.972 [main] TRACE - [Graph] =============== DONE SORTING
11:42:55.972 [main] TRACE - [Graph] ====== SORTED NODES
11:42:55.972 [main] TRACE - [Graph] ====== END SORTED NODES
11:42:55.972 [main] INFO  - [Utils] MethodGroupsHelper.sortMethods() took 9 ms.
11:42:55.973 [main] INFO  - [Utils] MethodGroupsHelper.collectMethodsByGroup() took 0 ms.
11:42:55.973 [main] TRACE - [Graph] ADDING NODE AbstractTestNGCucumberTests.tearDownClass()[pri:0, instance:null] 1523153566
11:42:55.973 [main] TRACE - [Graph] ================ SORTING
11:42:55.973 [main] TRACE - [Graph] =============== DONE SORTING
11:42:55.974 [main] TRACE - [Graph] ====== SORTED NODES
11:42:55.974 [main] TRACE - [Graph] ====== END SORTED NODES
11:42:55.974 [main] INFO  - [Utils] MethodGroupsHelper.sortMethods() took 1 ms.
11:42:55.974 [main] INFO  - [Utils] MethodGroupsHelper.collectMethodsByGroup() took 0 ms.
11:42:55.974 [main] INFO  - [Utils] MethodGroupsHelper.sortMethods() took 0 ms.
11:42:55.974 [main] INFO  - [Utils] MethodGroupsHelper.collectMethodsByGroup() took 0 ms.
11:42:55.974 [main] INFO  - [Utils] MethodGroupsHelper.sortMethods() took 0 ms.
11:42:55.976 [main] INFO  - [Utils] MethodGroupsHelper.collectMethodsByGroup() took 0 ms.
11:42:55.976 [main] INFO  - [Utils] MethodGroupsHelper.sortMethods() took 0 ms.
11:42:55.976 [main] INFO  - [Utils] MethodGroupsHelper.collectMethodsByGroup() took 0 ms.
11:42:55.976 [main] INFO  - [Utils] MethodGroupsHelper.sortMethods() took 0 ms.
11:42:55.980 [main] INFO  - [Utils] MethodGroupsHelper.collectMethodsByGroup() took 0 ms.
11:42:55.980 [main] INFO  - [Utils] MethodGroupsHelper.sortMethods() took 0 ms.
11:42:55.980 [main] INFO  - [Utils] MethodGroupsHelper.collectMethodsByGroup() took 0 ms.
11:42:55.980 [main] INFO  - [Utils] MethodGroupsHelper.sortMethods() took 0 ms.
11:42:55.985 [main] INFO  - [Utils] MethodGroupsHelper.collectMethodsByGroup() took 4 ms.
11:42:55.986 [main] TRACE - [Graph] ADDING NODE AbstractTestNGCucumberTests.runScenario(io.cucumber.testng.PickleWrapper,io.cucumber.testng.FeatureWrapper)[pri:0, instance:testRunners.ParallelTestRunner@6b8d96d9] 654081962
11:42:55.986 [main] TRACE - [Graph] ================ SORTING
11:42:55.986 [main] TRACE - [Graph] =============== DONE SORTING
11:42:55.986 [main] TRACE - [Graph] ====== SORTED NODES
11:42:55.986 [main] TRACE - [Graph] ====== END SORTED NODES
11:42:55.986 [main] INFO  - [Utils] MethodGroupsHelper.sortMethods() took 1 ms.
11:42:55.987 [main] INFO  - [Utils] MethodGroupsHelper.collectMethodsByGroup() took 0 ms.
11:42:55.987 [main] INFO  - [Utils] MethodGroupsHelper.sortMethods() took 0 ms.
11:42:55.987 [main] INFO  - [Utils] MethodGroupsHelper.collectMethodsByGroup() took 0 ms.
11:42:55.987 [main] INFO  - [Utils] MethodGroupsHelper.sortMethods() took 0 ms.
11:42:55.994 [main] INFO  - [TestNG] Running:
  C:\Users\SuhasSambhajiBhagat\AppData\Local\Temp\testng-eclipse--1402407317\testng-customsuite.xml

11:42:56.010 [main] INFO  - [Utils] DynamicGraphHelper.createDynamicGraph() took 4 ms.
11:43:11.141 [main] DEBUG - Parsing relationship: /xl/charts/_rels/chart1.xml.rels
11:43:11.142 [main] DEBUG - Parsing relationship: /xl/charts/_rels/chart2.xml.rels
11:43:11.144 [main] DEBUG - Parsing relationship: /xl/charts/_rels/chart3.xml.rels
11:43:11.144 [main] DEBUG - Parsing relationship: /xl/charts/_rels/chart5.xml.rels
11:43:11.144 [main] DEBUG - Parsing relationship: /xl/charts/_rels/chart8.xml.rels
11:43:11.145 [main] DEBUG - Parsing relationship: /xl/drawings/_rels/drawing1.xml.rels
11:43:11.146 [main] DEBUG - Parsing relationship: /xl/drawings/_rels/drawing5.xml.rels
11:43:11.148 [main] DEBUG - Parsing relationship: /xl/drawings/_rels/drawing7.xml.rels
11:43:11.149 [main] DEBUG - Parsing relationship: /xl/drawings/_rels/drawing8.xml.rels
11:43:11.150 [main] DEBUG - Parsing relationship: /xl/drawings/_rels/drawing10.xml.rels
11:43:11.150 [main] DEBUG - Parsing relationship: /xl/drawings/_rels/drawing11.xml.rels
11:43:11.151 [main] DEBUG - Parsing relationship: /xl/externalLinks/_rels/externalLink1.xml.rels
11:43:11.152 [main] DEBUG - Parsing relationship: /xl/_rels/workbook.xml.rels
11:43:11.153 [main] DEBUG - Parsing relationship: /xl/worksheets/_rels/sheet1.xml.rels
11:43:11.153 [main] DEBUG - Parsing relationship: /xl/worksheets/_rels/sheet2.xml.rels
11:43:11.154 [main] DEBUG - Parsing relationship: /xl/worksheets/_rels/sheet3.xml.rels
11:43:11.154 [main] DEBUG - Parsing relationship: /xl/worksheets/_rels/sheet4.xml.rels
11:43:11.155 [main] DEBUG - Parsing relationship: /xl/worksheets/_rels/sheet6.xml.rels
11:43:11.155 [main] DEBUG - Parsing relationship: /xl/worksheets/_rels/sheet7.xml.rels
11:43:11.156 [main] DEBUG - Parsing relationship: /xl/worksheets/_rels/sheet8.xml.rels
11:43:11.156 [main] DEBUG - Parsing relationship: /_rels/.rels
11:43:11.293 [main] TRACE - Loading type system org.apache.poi.schemas.ooxml.system.ooxml
11:43:11.295 [main] TRACE - Loading type system org.apache.xmlbeans.metadata.system.sXMLCONFIG
11:43:11.295 [main] TRACE - Loading type system org.apache.xmlbeans.metadata.system.sXMLLANG
11:43:11.295 [main] TRACE - Loading type system org.apache.xmlbeans.metadata.system.sXMLSCHEMA
11:43:11.296 [main] TRACE - Loading type system org.apache.xmlbeans.metadata.system.sXMLTOOLS
11:43:11.296 [main] TRACE - Reading unresolved handles for type system org.apache.xmlbeans.metadata.system.sXMLTOOLS
11:43:11.305 [main] TRACE - Finished loading type system org.apache.xmlbeans.metadata.system.sXMLTOOLS
11:43:11.305 [main] TRACE - Reading unresolved handles for type system org.apache.xmlbeans.metadata.system.sXMLSCHEMA
11:43:11.310 [main] TRACE - Finished loading type system org.apache.xmlbeans.metadata.system.sXMLSCHEMA
11:43:11.311 [main] TRACE - Reading unresolved handles for type system org.apache.xmlbeans.metadata.system.sXMLLANG
11:43:11.311 [main] TRACE - Finished loading type system org.apache.xmlbeans.metadata.system.sXMLLANG
11:43:11.312 [main] TRACE - Reading unresolved handles for type system org.apache.xmlbeans.metadata.system.sXMLCONFIG
11:43:11.312 [main] TRACE - Finished loading type system org.apache.xmlbeans.metadata.system.sXMLCONFIG
11:43:11.313 [main] TRACE - Reading unresolved handles for type system org.apache.poi.schemas.ooxml.system.ooxml
11:43:11.348 [main] TRACE - Finished loading type system org.apache.poi.schemas.ooxml.system.ooxml
11:43:11.349 [main] TRACE - Resolving type for handle themefd26doctype
11:43:11.390 [main] TRACE - Resolving type for handle stylesheet5d8bdoctype
11:43:11.396 [main] TRACE - Resolving type for handle ctstylesheet4257type
11:43:11.400 [main] TRACE - Resolving type for handle ctcolors6579type
11:43:11.402 [main] TRACE - Resolving type for handle ctfonts6623type
11:43:11.404 [main] TRACE - Resolving type for handle ctfont14d8type
11:43:11.408 [main] TRACE - Resolving type for handle ctfills2c6ftype
11:43:11.410 [main] TRACE - Resolving type for handle ctfill550ctype
11:43:11.413 [main] TRACE - Resolving type for handle ctborders0d66type
11:43:11.415 [main] TRACE - Resolving type for handle ctborderf935type
11:43:11.418 [main] TRACE - Resolving type for handle ctcellxfs1322type
11:43:11.420 [main] TRACE - Resolving type for handle ctxf97f7type
11:43:11.422 [main] TRACE - Resolving type for handle ctcellstylexfsa81ftype
11:43:11.424 [main] TRACE - Resolving type for handle ctdxfsb26atype
11:43:11.426 [main] TRACE - Resolving type for handle cttablestyles872ftype
11:43:11.429 [main] TRACE - Resolving type for handle sstf81fdoctype
11:43:11.433 [main] TRACE - Resolving type for handle ctsst44f3type
11:43:11.441 [main] TRACE - Resolving type for handle ctrsta472type
11:43:11.464 [main] TRACE - Resolving type for handle calcchainfc37doctype
11:43:11.466 [main] TRACE - Resolving type for handle ctcalcchain5a0btype
11:43:11.468 [main] TRACE - Resolving type for handle externallinkb4c2doctype
11:43:11.472 [main] TRACE - Resolving type for handle ctexternallink966etype
11:43:11.474 [main] DEBUG - using default POIXMLDocumentPart for http://schemas.openxmlformats.org/officeDocument/2006/relationships/printerSettings
11:43:11.475 [main] TRACE - Resolving type for handle ctdrawing2748type
11:43:11.489 [main] TRACE - Resolving type for handle chartspace36e0doctype
11:43:11.493 [main] TRACE - Resolving type for handle ctchartspacef9b4type
11:43:11.504 [main] DEBUG - using default POIXMLDocumentPart for http://schemas.openxmlformats.org/officeDocument/2006/relationships/chartUserShapes
11:43:11.505 [main] DEBUG - using default POIXMLDocumentPart for http://schemas.openxmlformats.org/officeDocument/2006/relationships/chartUserShapes
11:43:11.505 [main] DEBUG - using default POIXMLDocumentPart for http://schemas.openxmlformats.org/officeDocument/2006/relationships/chartUserShapes
11:43:11.505 [main] DEBUG - using default POIXMLDocumentPart for http://schemas.openxmlformats.org/officeDocument/2006/relationships/printerSettings
11:43:11.515 [main] DEBUG - using default POIXMLDocumentPart for http://schemas.openxmlformats.org/officeDocument/2006/relationships/chartUserShapes
11:43:11.515 [main] DEBUG - using default POIXMLDocumentPart for http://schemas.openxmlformats.org/officeDocument/2006/relationships/printerSettings
11:43:11.518 [main] DEBUG - using default POIXMLDocumentPart for http://schemas.openxmlformats.org/officeDocument/2006/relationships/printerSettings
11:43:11.524 [main] DEBUG - using default POIXMLDocumentPart for http://schemas.openxmlformats.org/officeDocument/2006/relationships/chartUserShapes
11:43:11.525 [main] DEBUG - using default POIXMLDocumentPart for http://schemas.openxmlformats.org/officeDocument/2006/relationships/printerSettings
11:43:11.528 [main] DEBUG - using default POIXMLDocumentPart for http://schemas.openxmlformats.org/officeDocument/2006/relationships/printerSettings
11:43:11.533 [main] DEBUG - using default POIXMLDocumentPart for http://schemas.openxmlformats.org/officeDocument/2006/relationships/printerSettings
11:43:11.534 [main] TRACE - Resolving type for handle workbookec17doctype
11:43:11.536 [main] TRACE - Resolving type for handle ctworkbook83c3type
11:43:11.543 [main] TRACE - Resolving type for handle ctsheets49fdtype
11:43:11.546 [main] TRACE - Resolving type for handle ctsheet4dbetype
11:43:11.549 [main] TRACE - Resolving type for handle strelationshipid1e94type
11:43:11.553 [main] TRACE - Resolving type for handle worksheetf539doctype
11:43:11.556 [main] TRACE - Resolving type for handle ctworksheet530dtype
11:43:11.563 [main] TRACE - Resolving type for handle ctcols627ctype
11:43:11.568 [main] TRACE - Resolving type for handle ctcola95ftype
11:43:11.583 [main] TRACE - Resolving type for handle ctsheetdata8408type
11:43:11.594 [main] TRACE - Resolving type for handle ctrowdd39type
11:43:11.598 [main] TRACE - Resolving type for handle ctcell842btype
11:43:11.604 [main] TRACE - Resolving type for handle stcellrefe4e0type
11:43:11.634 [main] TRACE - Resolving type for handle ctcellformula3583type
11:43:11.639 [main] TRACE - Resolving type for handle stcellformulatypee2cdtype
11:43:11.642 [main] TRACE - Resolving type for handle ctexternalreferencesd77ctype
11:43:11.644 [main] TRACE - Resolving type for handle ctexternalreference945ftype
11:43:11.648 [main] TRACE - Resolving type for handle ctdefinednamesce48type
11:43:11.651 [main] TRACE - Resolving type for handle ctdefinedname9413type
11:43:11.653 [main] TRACE - Resolving type for handle stxstringf179type
11:43:11.658 [main] TRACE - Resolving type for handle stsheetstate158btype
11:43:11.679 [main] TRACE - Resolving type for handle stcelltypebf95type
11:43:11.688 [main] TRACE - Resolving type for handle ctsheetprotection22f7type
11:43:11.729 [main] TRACE - Resolving type for handle stnumfmtid76fbtype
11:43:11.732 [main] TRACE - Resolving type for handle stfontid9d63type
11:43:11.734 [main] TRACE - Resolving type for handle stfillida097type
11:43:11.736 [main] TRACE - Resolving type for handle stborderid1a80type
11:43:11.737 [main] TRACE - Resolving type for handle stcellstylexfid70c7type
11:43:11.742 [main] TRACE - Resolving type for handle ctcellalignmentb580type
11:43:11.746 [main] TRACE - Resolving type for handle stverticalalignmentd35ctype
11:43:11.749 [main] TRACE - Resolving type for handle ctborderpre497type
11:43:11.751 [main] TRACE - Resolving type for handle stborderstylec774type
11:43:11.754 [main] TRACE - Resolving type for handle ctcolord2c2type
11:43:11.760 [main] TRACE - Resolving type for handle ctfontname2dc3type
11:43:11.762 [main] TRACE - Resolving type for handle ctfontsizeb3b9type
11:43:11.764 [main] TRACE - Resolving type for handle ctbooleanproperty1f3ctype
11:43:11.768 [main] TRACE - Resolving type for handle stunsignedinthex27datype
11:43:11.775 [main] TRACE - Resolving type for handle sthorizontalalignmentf92etype
11:43:11.783 [main] TRACE - Resolving type for handle ctdrawing44fdtype
11:43:11.786 [main] TRACE - Resolving type for handle ctchartc108type
11:43:11.788 [main] TRACE - Resolving type for handle cttitleb54etype
11:43:11.796 [main] TRACE - Resolving type for handle cttx9678type
11:43:11.798 [main] TRACE - Resolving type for handle cttextbodya3catype
11:43:11.801 [main] TRACE - Resolving type for handle cttextparagraphcaf2type
11:43:11.804 [main] TRACE - Resolving type for handle ctregulartextrun7e3dtype
11:43:11.812 [main] TRACE - Resolving type for handle ctplotarea106etype
11:43:11.818 [main] TRACE - Resolving type for handle ctcatax7159type
11:43:11.823 [main] TRACE - Resolving type for handle ctunsignedinte8ectype
11:43:11.824 [main] TRACE - Resolving type for handle ctvalaxd06etype
11:43:11.827 [main] TRACE - Resolving type for handle ctbarchart4151type
11:43:11.833 [main] TRACE - Resolving type for handle ctbardir5f42type
11:43:11.837 [main] TRACE - Resolving type for handle ctbarser960ftype
11:43:11.839 [main] TRACE - Resolving type for handle ctaxdatasource1440type
11:43:11.841 [main] TRACE - Resolving type for handle ctnumdatasourcef0bbtype
11:43:11.843 [main] TRACE - Resolving type for handle ctstrref5d1atype
11:43:11.844 [main] TRACE - Resolving type for handle ctstrdatad58btype
11:43:11.846 [main] TRACE - Resolving type for handle ctnumref062ftype
11:43:11.848 [main] TRACE - Resolving type for handle ctnumdata4f16type
11:43:11.866 [main] TRACE - Resolving type for handle ctworkbookpr03a5type
11:43:11.870 [main] TRACE - Resolving type for handle ctbookviewsb864type
11:43:11.872 [main] TRACE - Resolving type for handle ctbookviewf677type
11:43:11.875 [main] TRACE - Resolving type for handle propertiesee84doctype
11:43:11.876 [main] TRACE - Resolving type for handle ctproperties3f10type
11:43:11.879 [main] TRACE - Resolving type for handle properties288cdoctype
11:43:11.880 [main] TRACE - Resolving type for handle ctproperties2c18type
11:43:11.884 [main] TRACE - Resolving type for handle ctfontfamily685ctype
11:43:11.885 [main] TRACE - Resolving type for handle stfontfamily9c6ctype
11:43:11.886 [main] TRACE - Resolving type for handle ctfontschemebf5dtype
11:43:11.887 [main] TRACE - Resolving type for handle stfontschemef36dtype
11:43:11.888 [main] TRACE - Resolving type for handle ctpatternfill7452type
11:43:11.891 [main] TRACE - Resolving type for handle stpatterntype7939type
11:43:11.894 [main] TRACE - Resolving type for handle ctsheetformatprdef7type
11:43:11.897 [main] TRACE - Resolving type for handle ctsheetviewsb918type
11:43:11.900 [main] TRACE - Resolving type for handle ctsheetview0f43type
11:43:11.904 [main] TRACE - Resolving type for handle ctsheetdimensiond310type
11:43:11.905 [main] TRACE - Resolving type for handle stref90a2type
11:43:11.906 [main] TRACE - Resolving type for handle ctpagemargins5455type
11:43:11.909 [main] TRACE - Resolving type for handle ctstrval86cctype
11:43:11.911 [main] TRACE - Resolving type for handle ctnumval2fe1type
11:43:11.913 [main] TRACE - Resolving type for handle ctpaneaab1type
11:43:11.916 [main] TRACE - Resolving type for handle stpane2ac1type
11:43:11.917 [main] TRACE - Resolving type for handle stpanestateae58type
11:43:11.919 [main] TRACE - Resolving type for handle ctselectionca2btype
11:43:11.923 [main] TRACE - Resolving type for handle cttwocellanchor1e8dtype
11:43:11.924 [main] TRACE - Resolving type for handle ctmarkeree8etype
11:43:11.926 [main] TRACE - Resolving type for handle strowidf4cftype
11:43:11.933 [main] TRACE - Resolving type for handle ctcalccellb960type
11:43:11.937 [main] TRACE - Resolving type for handle ctmergecells1242type
11:43:11.939 [main] TRACE - Resolving type for handle ctmergecelle8d9type
11:43:12.014 [main] TRACE - Resolving type for handle ctworkbookprotection56bctype
11:43:12.035 [main] TRACE - Resolving type for handle ctnumfmtsb58btype
11:43:12.073 [main] DEBUG - Save content types part
11:43:12.181 [main] DEBUG - Save package relationships
11:43:12.187 [main] DEBUG - Save part 'docProps/app.xml'
11:43:12.187 [main] DEBUG - Save part 'docProps/core.xml'
11:43:12.189 [main] DEBUG - Save part 'xl/charts/chart1.xml'
11:43:12.192 [main] DEBUG - Save part 'xl/charts/chart2.xml'
11:43:12.193 [main] DEBUG - Save part 'xl/charts/chart3.xml'
11:43:12.196 [main] DEBUG - Save part 'xl/charts/chart4.xml'
11:43:12.197 [main] DEBUG - Save part 'xl/charts/chart5.xml'
11:43:12.200 [main] DEBUG - Save part 'xl/charts/chart6.xml'
11:43:12.201 [main] DEBUG - Save part 'xl/charts/chart7.xml'
11:43:12.201 [main] DEBUG - Save part 'xl/charts/chart8.xml'
11:43:12.204 [main] DEBUG - Save part 'xl/charts/chart9.xml'
11:43:12.205 [main] DEBUG - Save part 'xl/charts/chart10.xml'
11:43:12.205 [main] DEBUG - Save part 'xl/drawings/drawing1.xml'
11:43:12.208 [main] DEBUG - Save part 'xl/drawings/drawing2.xml'
11:43:12.208 [main] DEBUG - Save part 'xl/drawings/drawing3.xml'
11:43:12.209 [main] DEBUG - Save part 'xl/drawings/drawing4.xml'
11:43:12.209 [main] DEBUG - Save part 'xl/drawings/drawing5.xml'
11:43:12.211 [main] DEBUG - Save part 'xl/drawings/drawing6.xml'
11:43:12.212 [main] DEBUG - Save part 'xl/drawings/drawing7.xml'
11:43:12.214 [main] DEBUG - Save part 'xl/drawings/drawing8.xml'
11:43:12.217 [main] DEBUG - Save part 'xl/drawings/drawing9.xml'
11:43:12.218 [main] DEBUG - Save part 'xl/externalLinks/externalLink1.xml'
11:43:12.219 [main] DEBUG - Save part 'xl/printerSettings/printerSettings1.bin'
11:43:12.220 [main] DEBUG - Save part 'xl/printerSettings/printerSettings2.bin'
11:43:12.220 [main] DEBUG - Save part 'xl/printerSettings/printerSettings3.bin'
11:43:12.220 [main] DEBUG - Save part 'xl/printerSettings/printerSettings4.bin'
11:43:12.220 [main] DEBUG - Save part 'xl/printerSettings/printerSettings7.bin'
11:43:12.220 [main] DEBUG - Save part 'xl/sharedStrings.xml'
11:43:12.221 [main] DEBUG - Save part 'xl/styles.xml'
11:43:12.221 [main] DEBUG - Save part 'xl/theme/theme1.xml'
11:43:12.221 [main] DEBUG - Save part 'xl/workbook.xml'
11:43:12.225 [main] DEBUG - Save part 'xl/worksheets/sheet1.xml'
11:43:12.226 [main] DEBUG - Save part 'xl/worksheets/sheet2.xml'
11:43:12.228 [main] DEBUG - Save part 'xl/worksheets/sheet3.xml'
11:43:12.229 [main] DEBUG - Save part 'xl/worksheets/sheet4.xml'
11:43:12.232 [main] DEBUG - Save part 'xl/worksheets/sheet8.xml'
11:43:12.320 [main] INFO  - [TestNG] Time taken by org.testng.reporters.jq.Main@1939a394: 43 ms
11:43:12.321 [main] INFO  - [TestNG] Time taken by org.testng.reporters.FailedReporter@e2c627e: 1 ms
11:43:12.329 [main] INFO  - [TestNG] Time taken by org.testng.reporters.XMLReporter@2e0163cb: 8 ms
11:43:12.338 [main] INFO  - [TestNG] Time taken by org.testng.reporters.EmailableReporter2@e7d0db2: 9 ms
11:43:12.342 [main] INFO  - [TestNG] Time taken by org.testng.reporters.JUnitReportReporter@26f480c6: 4 ms
11:43:12.342 [main] INFO  - [TestNG] Time taken by org.testng.internal.ExitCodeListener@2567c091: 0 ms
11:44:10.732 [main] DEBUG - suiteXmlPath: "C:\Users\SUHASS~1\AppData\Local\Temp\testng-eclipse-191146006\testng-customsuite.xml"
11:44:10.919 [main] INFO  - [Utils] MethodGroupsHelper.collectMethodsByGroup() took 0 ms.
11:44:10.921 [main] INFO  - [Utils] MethodGroupsHelper.sortMethods() took 1 ms.
11:44:10.923 [main] INFO  - [Utils] MethodGroupsHelper.collectMethodsByGroup() took 0 ms.
11:44:10.923 [main] INFO  - [Utils] MethodGroupsHelper.sortMethods() took 0 ms.
11:44:10.924 [main] INFO  - [Utils] MethodGroupsHelper.collectMethodsByGroup() took 0 ms.
11:44:10.924 [main] INFO  - [Utils] MethodGroupsHelper.sortMethods() took 0 ms.
11:44:10.924 [main] INFO  - [Utils] MethodGroupsHelper.collectMethodsByGroup() took 0 ms.
11:44:10.924 [main] INFO  - [Utils] MethodGroupsHelper.sortMethods() took 0 ms.
11:44:10.926 [main] INFO  - [Utils] MethodGroupsHelper.collectMethodsByGroup() took 0 ms.
11:44:10.930 [main] TRACE - [Graph] ADDING NODE AbstractTestNGCucumberTests.setUpClass(org.testng.ITestContext)[pri:0, instance:null] -393284817
11:44:10.930 [main] TRACE - [Graph] ================ SORTING
11:44:10.932 [main] TRACE - [Graph] =============== DONE SORTING
11:44:10.933 [main] TRACE - [Graph] ====== SORTED NODES
11:44:10.933 [main] TRACE - [Graph] ====== END SORTED NODES
11:44:10.933 [main] INFO  - [Utils] MethodGroupsHelper.sortMethods() took 7 ms.
11:44:10.934 [main] INFO  - [Utils] MethodGroupsHelper.collectMethodsByGroup() took 0 ms.
11:44:10.934 [main] TRACE - [Graph] ADDING NODE AbstractTestNGCucumberTests.tearDownClass()[pri:0, instance:null] 1523153566
11:44:10.934 [main] TRACE - [Graph] ================ SORTING
11:44:10.934 [main] TRACE - [Graph] =============== DONE SORTING
11:44:10.934 [main] TRACE - [Graph] ====== SORTED NODES
11:44:10.934 [main] TRACE - [Graph] ====== END SORTED NODES
11:44:10.934 [main] INFO  - [Utils] MethodGroupsHelper.sortMethods() took 0 ms.
11:44:10.935 [main] INFO  - [Utils] MethodGroupsHelper.collectMethodsByGroup() took 0 ms.
11:44:10.935 [main] INFO  - [Utils] MethodGroupsHelper.sortMethods() took 0 ms.
11:44:10.935 [main] INFO  - [Utils] MethodGroupsHelper.collectMethodsByGroup() took 0 ms.
11:44:10.935 [main] INFO  - [Utils] MethodGroupsHelper.sortMethods() took 0 ms.
11:44:10.937 [main] INFO  - [Utils] MethodGroupsHelper.collectMethodsByGroup() took 0 ms.
11:44:10.937 [main] INFO  - [Utils] MethodGroupsHelper.sortMethods() took 0 ms.
11:44:10.937 [main] INFO  - [Utils] MethodGroupsHelper.collectMethodsByGroup() took 0 ms.
11:44:10.937 [main] INFO  - [Utils] MethodGroupsHelper.sortMethods() took 0 ms.
11:44:10.940 [main] INFO  - [Utils] MethodGroupsHelper.collectMethodsByGroup() took 0 ms.
11:44:10.940 [main] INFO  - [Utils] MethodGroupsHelper.sortMethods() took 0 ms.
11:44:10.940 [main] INFO  - [Utils] MethodGroupsHelper.collectMethodsByGroup() took 0 ms.
11:44:10.940 [main] INFO  - [Utils] MethodGroupsHelper.sortMethods() took 0 ms.
11:44:10.944 [main] INFO  - [Utils] MethodGroupsHelper.collectMethodsByGroup() took 4 ms.
11:44:10.944 [main] TRACE - [Graph] ADDING NODE AbstractTestNGCucumberTests.runScenario(io.cucumber.testng.PickleWrapper,io.cucumber.testng.FeatureWrapper)[pri:0, instance:testRunners.ParallelTestRunner@6b8d96d9] 654081962
11:44:10.944 [main] TRACE - [Graph] ================ SORTING
11:44:10.945 [main] TRACE - [Graph] =============== DONE SORTING
11:44:10.945 [main] TRACE - [Graph] ====== SORTED NODES
11:44:10.945 [main] TRACE - [Graph] ====== END SORTED NODES
11:44:10.945 [main] INFO  - [Utils] MethodGroupsHelper.sortMethods() took 0 ms.
11:44:10.946 [main] INFO  - [Utils] MethodGroupsHelper.collectMethodsByGroup() took 0 ms.
11:44:10.946 [main] INFO  - [Utils] MethodGroupsHelper.sortMethods() took 0 ms.
11:44:10.946 [main] INFO  - [Utils] MethodGroupsHelper.collectMethodsByGroup() took 0 ms.
11:44:10.946 [main] INFO  - [Utils] MethodGroupsHelper.sortMethods() took 0 ms.
11:44:10.951 [main] INFO  - [TestNG] Running:
  C:\Users\SuhasSambhajiBhagat\AppData\Local\Temp\testng-eclipse-191146006\testng-customsuite.xml

11:44:10.966 [main] INFO  - [Utils] DynamicGraphHelper.createDynamicGraph() took 4 ms.
11:44:15.896 [main] DEBUG - Parsing relationship: /xl/charts/_rels/chart4.xml.rels
11:44:15.898 [main] DEBUG - Parsing relationship: /xl/charts/_rels/chart5.xml.rels
11:44:15.900 [main] DEBUG - Parsing relationship: /xl/charts/_rels/chart6.xml.rels
11:44:15.901 [main] DEBUG - Parsing relationship: /xl/charts/_rels/chart8.xml.rels
11:44:15.902 [main] DEBUG - Parsing relationship: /xl/charts/_rels/chart11.xml.rels
11:44:15.902 [main] DEBUG - Parsing relationship: /xl/drawings/_rels/drawing1.xml.rels
11:44:15.905 [main] DEBUG - Parsing relationship: /xl/drawings/_rels/drawing5.xml.rels
11:44:15.907 [main] DEBUG - Parsing relationship: /xl/drawings/_rels/drawing7.xml.rels
11:44:15.908 [main] DEBUG - Parsing relationship: /xl/drawings/_rels/drawing8.xml.rels
11:44:15.909 [main] DEBUG - Parsing relationship: /xl/drawings/_rels/drawing10.xml.rels
11:44:15.909 [main] DEBUG - Parsing relationship: /xl/drawings/_rels/drawing11.xml.rels
11:44:15.911 [main] DEBUG - Parsing relationship: /xl/_rels/workbook.xml.rels
11:44:15.912 [main] DEBUG - Parsing relationship: /xl/worksheets/_rels/sheet1.xml.rels
11:44:15.913 [main] DEBUG - Parsing relationship: /xl/worksheets/_rels/sheet2.xml.rels
11:44:15.913 [main] DEBUG - Parsing relationship: /xl/worksheets/_rels/sheet3.xml.rels
11:44:15.914 [main] DEBUG - Parsing relationship: /xl/worksheets/_rels/sheet4.xml.rels
11:44:15.915 [main] DEBUG - Parsing relationship: /xl/worksheets/_rels/sheet5.xml.rels
11:44:15.916 [main] DEBUG - Parsing relationship: /xl/worksheets/_rels/sheet6.xml.rels
11:44:15.917 [main] DEBUG - Parsing relationship: /xl/worksheets/_rels/sheet7.xml.rels
11:44:15.918 [main] DEBUG - Parsing relationship: /xl/worksheets/_rels/sheet8.xml.rels
11:44:15.919 [main] DEBUG - Parsing relationship: /_rels/.rels
11:44:16.033 [main] TRACE - Loading type system org.apache.poi.schemas.ooxml.system.ooxml
11:44:16.036 [main] TRACE - Loading type system org.apache.xmlbeans.metadata.system.sXMLCONFIG
11:44:16.037 [main] TRACE - Loading type system org.apache.xmlbeans.metadata.system.sXMLLANG
11:44:16.037 [main] TRACE - Loading type system org.apache.xmlbeans.metadata.system.sXMLSCHEMA
11:44:16.037 [main] TRACE - Loading type system org.apache.xmlbeans.metadata.system.sXMLTOOLS
11:44:16.038 [main] TRACE - Reading unresolved handles for type system org.apache.xmlbeans.metadata.system.sXMLTOOLS
11:44:16.047 [main] TRACE - Finished loading type system org.apache.xmlbeans.metadata.system.sXMLTOOLS
11:44:16.048 [main] TRACE - Reading unresolved handles for type system org.apache.xmlbeans.metadata.system.sXMLSCHEMA
11:44:16.052 [main] TRACE - Finished loading type system org.apache.xmlbeans.metadata.system.sXMLSCHEMA
11:44:16.053 [main] TRACE - Reading unresolved handles for type system org.apache.xmlbeans.metadata.system.sXMLLANG
11:44:16.054 [main] TRACE - Finished loading type system org.apache.xmlbeans.metadata.system.sXMLLANG
11:44:16.055 [main] TRACE - Reading unresolved handles for type system org.apache.xmlbeans.metadata.system.sXMLCONFIG
11:44:16.056 [main] TRACE - Finished loading type system org.apache.xmlbeans.metadata.system.sXMLCONFIG
11:44:16.056 [main] TRACE - Reading unresolved handles for type system org.apache.poi.schemas.ooxml.system.ooxml
11:44:16.098 [main] TRACE - Finished loading type system org.apache.poi.schemas.ooxml.system.ooxml
11:44:16.099 [main] TRACE - Resolving type for handle stylesheet5d8bdoctype
11:44:16.139 [main] TRACE - Resolving type for handle ctstylesheet4257type
11:44:16.143 [main] TRACE - Resolving type for handle ctcolors6579type
11:44:16.145 [main] TRACE - Resolving type for handle ctfonts6623type
11:44:16.147 [main] TRACE - Resolving type for handle ctfont14d8type
11:44:16.151 [main] TRACE - Resolving type for handle ctfills2c6ftype
11:44:16.153 [main] TRACE - Resolving type for handle ctfill550ctype
11:44:16.155 [main] TRACE - Resolving type for handle ctborders0d66type
11:44:16.157 [main] TRACE - Resolving type for handle ctborderf935type
11:44:16.159 [main] TRACE - Resolving type for handle ctcellxfs1322type
11:44:16.161 [main] TRACE - Resolving type for handle ctxf97f7type
11:44:16.164 [main] TRACE - Resolving type for handle ctcellstylexfsa81ftype
11:44:16.166 [main] TRACE - Resolving type for handle ctdxfsb26atype
11:44:16.168 [main] TRACE - Resolving type for handle cttablestyles872ftype
11:44:16.170 [main] TRACE - Resolving type for handle sstf81fdoctype
11:44:16.175 [main] TRACE - Resolving type for handle ctsst44f3type
11:44:16.180 [main] TRACE - Resolving type for handle ctrsta472type
11:44:16.207 [main] TRACE - Resolving type for handle themefd26doctype
11:44:16.212 [main] DEBUG - using default POIXMLDocumentPart for http://schemas.openxmlformats.org/officeDocument/2006/relationships/printerSettings
11:44:16.214 [main] TRACE - Resolving type for handle ctdrawing2748type
11:44:16.226 [main] TRACE - Resolving type for handle chartspace36e0doctype
11:44:16.231 [main] TRACE - Resolving type for handle ctchartspacef9b4type
11:44:16.257 [main] DEBUG - using default POIXMLDocumentPart for http://schemas.openxmlformats.org/officeDocument/2006/relationships/chartUserShapes
11:44:16.257 [main] DEBUG - using default POIXMLDocumentPart for http://schemas.openxmlformats.org/officeDocument/2006/relationships/chartUserShapes
