11:51:21.778 [main] DEBUG - Save part 'xl/drawings/drawing3.xml'
11:51:21.790 [main] DEBUG - Save part 'xl/drawings/drawing4.xml'
11:51:21.791 [main] DEBUG - Save part 'xl/drawings/drawing5.xml'
11:51:21.793 [main] DEBUG - Save part 'xl/drawings/drawing6.xml'
11:51:21.793 [main] DEBUG - Save part 'xl/drawings/drawing7.xml'
11:51:21.795 [main] DEBUG - Save part 'xl/drawings/drawing8.xml'
11:51:21.797 [main] DEBUG - Save part 'xl/drawings/drawing9.xml'
11:51:21.798 [main] DEBUG - Save part 'xl/printerSettings/printerSettings1.bin'
11:51:21.798 [main] DEBUG - Save part 'xl/printerSettings/printerSettings2.bin'
11:51:21.799 [main] DEBUG - Save part 'xl/printerSettings/printerSettings3.bin'
11:51:21.800 [main] DEBUG - Save part 'xl/printerSettings/printerSettings4.bin'
11:51:21.800 [main] DEBUG - Save part 'xl/printerSettings/printerSettings5.bin'
11:51:21.800 [main] DEBUG - Save part 'xl/printerSettings/printerSettings8.bin'
11:51:21.801 [main] DEBUG - Save part 'xl/sharedStrings.xml'
11:51:21.801 [main] DEBUG - Save part 'xl/styles.xml'
11:51:21.802 [main] DEBUG - Save part 'xl/theme/theme1.xml'
11:51:21.802 [main] DEBUG - Save part 'xl/workbook.xml'
11:51:21.804 [main] DEBUG - Save part 'xl/worksheets/sheet1.xml'
11:51:21.806 [main] DEBUG - Save part 'xl/worksheets/sheet2.xml'
11:51:21.808 [main] DEBUG - Save part 'xl/worksheets/sheet3.xml'
11:51:21.812 [main] DEBUG - Save part 'xl/worksheets/sheet4.xml'
11:51:21.817 [main] DEBUG - Save part 'xl/worksheets/sheet5.xml'
11:51:21.820 [main] DEBUG - Save part 'xl/worksheets/sheet8.xml'
11:55:47.773 [main] DEBUG - Parsing relationship: /xl/charts/_rels/chart4.xml.rels
11:55:47.776 [main] DEBUG - Parsing relationship: /xl/charts/_rels/chart5.xml.rels
11:55:47.780 [main] DEBUG - Parsing relationship: /xl/charts/_rels/chart6.xml.rels
11:55:47.781 [main] DEBUG - Parsing relationship: /xl/charts/_rels/chart8.xml.rels
11:55:47.783 [main] DEBUG - Parsing relationship: /xl/charts/_rels/chart11.xml.rels
11:55:47.784 [main] DEBUG - Parsing relationship: /xl/drawings/_rels/drawing1.xml.rels
11:55:47.786 [main] DEBUG - Parsing relationship: /xl/drawings/_rels/drawing5.xml.rels
11:55:47.786 [main] DEBUG - Parsing relationship: /xl/drawings/_rels/drawing7.xml.rels
11:55:47.787 [main] DEBUG - Parsing relationship: /xl/drawings/_rels/drawing8.xml.rels
11:55:47.793 [main] DEBUG - Parsing relationship: /xl/drawings/_rels/drawing10.xml.rels
11:55:47.794 [main] DEBUG - Parsing relationship: /xl/drawings/_rels/drawing11.xml.rels
11:55:47.795 [main] DEBUG - Parsing relationship: /xl/_rels/workbook.xml.rels
11:55:47.797 [main] DEBUG - Parsing relationship: /xl/worksheets/_rels/sheet1.xml.rels
11:55:47.798 [main] DEBUG - Parsing relationship: /xl/worksheets/_rels/sheet2.xml.rels
11:55:47.799 [main] DEBUG - Parsing relationship: /xl/worksheets/_rels/sheet3.xml.rels
11:55:47.799 [main] DEBUG - Parsing relationship: /xl/worksheets/_rels/sheet4.xml.rels
11:55:47.800 [main] DEBUG - Parsing relationship: /xl/worksheets/_rels/sheet5.xml.rels
11:55:47.801 [main] DEBUG - Parsing relationship: /xl/worksheets/_rels/sheet6.xml.rels
11:55:47.802 [main] DEBUG - Parsing relationship: /xl/worksheets/_rels/sheet7.xml.rels
11:55:47.803 [main] DEBUG - Parsing relationship: /xl/worksheets/_rels/sheet8.xml.rels
11:55:47.803 [main] DEBUG - Parsing relationship: /_rels/.rels
11:55:47.917 [main] TRACE - Loading type system org.apache.poi.schemas.ooxml.system.ooxml
11:55:47.919 [main] TRACE - Loading type system org.apache.xmlbeans.metadata.system.sXMLCONFIG
11:55:47.919 [main] TRACE - Loading type system org.apache.xmlbeans.metadata.system.sXMLLANG
11:55:47.920 [main] TRACE - Loading type system org.apache.xmlbeans.metadata.system.sXMLSCHEMA
11:55:47.920 [main] TRACE - Loading type system org.apache.xmlbeans.metadata.system.sXMLTOOLS
11:55:47.921 [main] TRACE - Reading unresolved handles for type system org.apache.xmlbeans.metadata.system.sXMLTOOLS
11:55:47.928 [main] TRACE - Finished loading type system org.apache.xmlbeans.metadata.system.sXMLTOOLS
11:55:47.928 [main] TRACE - Reading unresolved handles for type system org.apache.xmlbeans.metadata.system.sXMLSCHEMA
11:55:47.934 [main] TRACE - Finished loading type system org.apache.xmlbeans.metadata.system.sXMLSCHEMA
11:55:47.935 [main] TRACE - Reading unresolved handles for type system org.apache.xmlbeans.metadata.system.sXMLLANG
11:55:47.935 [main] TRACE - Finished loading type system org.apache.xmlbeans.metadata.system.sXMLLANG
11:55:47.935 [main] TRACE - Reading unresolved handles for type system org.apache.xmlbeans.metadata.system.sXMLCONFIG
11:55:47.936 [main] TRACE - Finished loading type system org.apache.xmlbeans.metadata.system.sXMLCONFIG
11:55:47.936 [main] TRACE - Reading unresolved handles for type system org.apache.poi.schemas.ooxml.system.ooxml
11:55:47.980 [main] TRACE - Finished loading type system org.apache.poi.schemas.ooxml.system.ooxml
11:55:47.981 [main] TRACE - Resolving type for handle stylesheet5d8bdoctype
11:55:48.031 [main] TRACE - Resolving type for handle ctstylesheet4257type
11:55:48.034 [main] TRACE - Resolving type for handle ctcolors6579type
11:55:48.036 [main] TRACE - Resolving type for handle ctfonts6623type
11:55:48.038 [main] TRACE - Resolving type for handle ctfont14d8type
11:55:48.042 [main] TRACE - Resolving type for handle ctfills2c6ftype
11:55:48.043 [main] TRACE - Resolving type for handle ctfill550ctype
11:55:48.044 [main] TRACE - Resolving type for handle ctborders0d66type
11:55:48.046 [main] TRACE - Resolving type for handle ctborderf935type
11:55:48.049 [main] TRACE - Resolving type for handle ctcellxfs1322type
11:55:48.051 [main] TRACE - Resolving type for handle ctxf97f7type
11:55:48.053 [main] TRACE - Resolving type for handle ctcellstylexfsa81ftype
11:55:48.054 [main] TRACE - Resolving type for handle ctdxfsb26atype
11:55:48.056 [main] TRACE - Resolving type for handle cttablestyles872ftype
11:55:48.059 [main] TRACE - Resolving type for handle sstf81fdoctype
11:55:48.063 [main] TRACE - Resolving type for handle ctsst44f3type
11:55:48.069 [main] TRACE - Resolving type for handle ctrsta472type
11:55:48.089 [main] TRACE - Resolving type for handle themefd26doctype
11:55:48.096 [main] DEBUG - using default POIXMLDocumentPart for http://schemas.openxmlformats.org/officeDocument/2006/relationships/printerSettings
11:55:48.097 [main] TRACE - Resolving type for handle ctdrawing2748type
11:55:48.104 [main] TRACE - Resolving type for handle chartspace36e0doctype
11:55:48.108 [main] TRACE - Resolving type for handle ctchartspacef9b4type
11:55:48.119 [main] DEBUG - using default POIXMLDocumentPart for http://schemas.openxmlformats.org/officeDocument/2006/relationships/chartUserShapes
11:55:48.119 [main] DEBUG - using default POIXMLDocumentPart for http://schemas.openxmlformats.org/officeDocument/2006/relationships/chartUserShapes
11:55:48.119 [main] DEBUG - using default POIXMLDocumentPart for http://schemas.openxmlformats.org/officeDocument/2006/relationships/chartUserShapes
11:55:48.119 [main] DEBUG - using default POIXMLDocumentPart for http://schemas.openxmlformats.org/officeDocument/2006/relationships/printerSettings
11:55:48.126 [main] DEBUG - using default POIXMLDocumentPart for http://schemas.openxmlformats.org/officeDocument/2006/relationships/chartUserShapes
11:55:48.126 [main] DEBUG - using default POIXMLDocumentPart for http://schemas.openxmlformats.org/officeDocument/2006/relationships/printerSettings
11:55:48.129 [main] DEBUG - using default POIXMLDocumentPart for http://schemas.openxmlformats.org/officeDocument/2006/relationships/printerSettings
11:55:48.134 [main] DEBUG - using default POIXMLDocumentPart for http://schemas.openxmlformats.org/officeDocument/2006/relationships/chartUserShapes
11:55:48.135 [main] DEBUG - using default POIXMLDocumentPart for http://schemas.openxmlformats.org/officeDocument/2006/relationships/printerSettings
11:55:48.135 [main] DEBUG - using default POIXMLDocumentPart for http://schemas.openxmlformats.org/officeDocument/2006/relationships/printerSettings
11:55:48.138 [main] DEBUG - using default POIXMLDocumentPart for http://schemas.openxmlformats.org/officeDocument/2006/relationships/printerSettings
11:55:48.141 [main] DEBUG - using default POIXMLDocumentPart for http://schemas.openxmlformats.org/officeDocument/2006/relationships/printerSettings
11:55:48.143 [main] TRACE - Resolving type for handle workbookec17doctype
11:55:48.146 [main] TRACE - Resolving type for handle ctworkbook83c3type
11:55:48.150 [main] TRACE - Resolving type for handle ctsheets49fdtype
11:55:48.152 [main] TRACE - Resolving type for handle ctsheet4dbetype
11:55:48.155 [main] TRACE - Resolving type for handle strelationshipid1e94type
11:55:48.157 [main] TRACE - Resolving type for handle worksheetf539doctype
11:55:48.159 [main] TRACE - Resolving type for handle ctworksheet530dtype
11:55:48.171 [main] TRACE - Resolving type for handle ctcols627ctype
11:55:48.176 [main] TRACE - Resolving type for handle ctcola95ftype
11:55:48.188 [main] TRACE - Resolving type for handle ctsheetdata8408type
11:55:48.189 [main] TRACE - Resolving type for handle ctrowdd39type
11:55:48.193 [main] TRACE - Resolving type for handle ctcell842btype
11:55:48.197 [main] TRACE - Resolving type for handle stcellrefe4e0type
11:55:48.225 [main] TRACE - Resolving type for handle ctdefinednamesce48type
11:55:48.227 [main] TRACE - Resolving type for handle ctdefinedname9413type
11:55:48.230 [main] TRACE - Resolving type for handle stxstringf179type
11:55:48.234 [main] TRACE - Resolving type for handle stsheetstate158btype
11:55:48.247 [main] TRACE - Resolving type for handle stcelltypebf95type
11:55:48.256 [main] TRACE - Resolving type for handle ctdrawing44fdtype
11:55:48.263 [main] TRACE - Resolving type for handle cttwocellanchor1e8dtype
11:55:48.269 [main] TRACE - Resolving type for handle ctmarkeree8etype
11:55:48.272 [main] TRACE - Resolving type for handle strowidf4cftype
11:55:48.298 [main] TRACE - Resolving type for handle ctmergecells1242type
11:55:48.301 [main] TRACE - Resolving type for handle ctmergecelle8d9type
11:55:48.304 [main] TRACE - Resolving type for handle stref90a2type
11:55:48.334 [main] TRACE - Resolving type for handle stnumfmtid76fbtype
11:55:48.335 [main] TRACE - Resolving type for handle stfontid9d63type
11:55:48.336 [main] TRACE - Resolving type for handle stfillida097type
11:55:48.337 [main] TRACE - Resolving type for handle stborderid1a80type
11:55:48.339 [main] TRACE - Resolving type for handle stcellstylexfid70c7type
11:55:48.344 [main] TRACE - Resolving type for handle ctcellalignmentb580type
11:55:48.347 [main] TRACE - Resolving type for handle stverticalalignmentd35ctype
11:55:48.349 [main] TRACE - Resolving type for handle ctborderpre497type
11:55:48.351 [main] TRACE - Resolving type for handle stborderstylec774type
11:55:48.354 [main] TRACE - Resolving type for handle ctcolord2c2type
11:55:48.362 [main] TRACE - Resolving type for handle sthorizontalalignmentf92etype
11:55:48.369 [main] TRACE - Resolving type for handle ctchartc108type
11:55:48.373 [main] TRACE - Resolving type for handle cttitleb54etype
11:55:48.407 [main] TRACE - Resolving type for handle cttx9678type
11:55:48.408 [main] TRACE - Resolving type for handle cttextbodya3catype
11:55:48.410 [main] TRACE - Resolving type for handle cttextparagraphcaf2type
11:55:48.412 [main] TRACE - Resolving type for handle ctregulartextrun7e3dtype
11:55:48.426 [main] TRACE - Resolving type for handle ctplotarea106etype
11:55:48.431 [main] TRACE - Resolving type for handle ctcatax7159type
11:55:48.434 [main] TRACE - Resolving type for handle ctunsignedinte8ectype
11:55:48.435 [main] TRACE - Resolving type for handle ctvalaxd06etype
11:55:48.439 [main] TRACE - Resolving type for handle ctbarchart4151type
11:55:48.441 [main] TRACE - Resolving type for handle ctbardir5f42type
11:55:48.443 [main] TRACE - Resolving type for handle ctbarser960ftype
11:55:48.444 [main] TRACE - Resolving type for handle ctaxdatasource1440type
11:55:48.446 [main] TRACE - Resolving type for handle ctnumdatasourcef0bbtype
11:55:48.447 [main] TRACE - Resolving type for handle ctstrref5d1atype
11:55:48.448 [main] TRACE - Resolving type for handle ctstrdatad58btype
11:55:48.450 [main] TRACE - Resolving type for handle ctnumref062ftype
11:55:48.451 [main] TRACE - Resolving type for handle ctnumdata4f16type
11:55:48.461 [main] TRACE - Resolving type for handle ctworkbookpr03a5type
11:55:48.464 [main] TRACE - Resolving type for handle ctbookviewsb864type
11:55:48.468 [main] TRACE - Resolving type for handle ctbookviewf677type
11:55:48.471 [main] TRACE - Resolving type for handle propertiesee84doctype
11:55:48.472 [main] TRACE - Resolving type for handle ctproperties3f10type
11:55:48.476 [main] TRACE - Resolving type for handle properties288cdoctype
11:55:48.478 [main] TRACE - Resolving type for handle ctproperties2c18type
11:55:48.482 [main] TRACE - Resolving type for handle ctfontsizeb3b9type
11:55:48.484 [main] TRACE - Resolving type for handle ctfontname2dc3type
11:55:48.486 [main] TRACE - Resolving type for handle ctfontfamily685ctype
11:55:48.487 [main] TRACE - Resolving type for handle stfontfamily9c6ctype
11:55:48.488 [main] TRACE - Resolving type for handle ctfontschemebf5dtype
11:55:48.489 [main] TRACE - Resolving type for handle stfontschemef36dtype
11:55:48.490 [main] TRACE - Resolving type for handle ctpatternfill7452type
11:55:48.492 [main] TRACE - Resolving type for handle stpatterntype7939type
11:55:48.494 [main] TRACE - Resolving type for handle ctsheetformatprdef7type
11:55:48.495 [main] TRACE - Resolving type for handle ctsheetviewsb918type
11:55:48.497 [main] TRACE - Resolving type for handle ctsheetview0f43type
11:55:48.500 [main] TRACE - Resolving type for handle ctsheetdimensiond310type
11:55:48.501 [main] TRACE - Resolving type for handle ctpagemargins5455type
11:55:48.503 [main] TRACE - Resolving type for handle ctstrval86cctype
11:55:48.505 [main] TRACE - Resolving type for handle ctnumval2fe1type
11:55:48.512 [main] TRACE - Resolving type for handle ctbooleanproperty1f3ctype
11:55:48.518 [main] TRACE - Resolving type for handle stunsignedinthex27datype
11:55:48.541 [main] TRACE - Resolving type for handle ctsheetprotection22f7type
11:55:48.554 [main] TRACE - Resolving type for handle ctpaneaab1type
11:55:48.564 [main] TRACE - Resolving type for handle stpane2ac1type
11:55:48.565 [main] TRACE - Resolving type for handle stpanestateae58type
11:55:48.567 [main] TRACE - Resolving type for handle ctselectionca2btype
11:55:48.599 [main] TRACE - Resolving type for handle ctworkbookprotection56bctype
11:55:48.629 [main] TRACE - Resolving type for handle ctnumfmtsb58btype
11:55:48.687 [main] DEBUG - Save content types part
11:55:48.811 [main] DEBUG - Save package relationships
11:55:48.817 [main] DEBUG - Save part 'docProps/app.xml'
11:55:48.817 [main] DEBUG - Save part 'docProps/core.xml'
11:55:48.820 [main] DEBUG - Save part 'xl/charts/chart1.xml'
11:55:48.820 [main] DEBUG - Save part 'xl/charts/chart2.xml'
11:55:48.820 [main] DEBUG - Save part 'xl/charts/chart3.xml'
11:55:48.821 [main] DEBUG - Save part 'xl/charts/chart4.xml'
11:55:48.822 [main] DEBUG - Save part 'xl/charts/chart5.xml'
11:55:48.824 [main] DEBUG - Save part 'xl/charts/chart6.xml'
11:55:48.825 [main] DEBUG - Save part 'xl/charts/chart7.xml'
11:55:48.826 [main] DEBUG - Save part 'xl/charts/chart8.xml'
11:55:48.827 [main] DEBUG - Save part 'xl/charts/chart9.xml'
11:55:48.827 [main] DEBUG - Save part 'xl/charts/chart10.xml'
11:55:48.827 [main] DEBUG - Save part 'xl/charts/chart11.xml'
11:55:48.828 [main] DEBUG - Save part 'xl/charts/chart12.xml'
11:55:48.829 [main] DEBUG - Save part 'xl/charts/chart13.xml'
11:55:48.829 [main] DEBUG - Save part 'xl/drawings/drawing1.xml'
11:55:48.831 [main] DEBUG - Save part 'xl/drawings/drawing2.xml'
11:55:48.831 [main] DEBUG - Save part 'xl/drawings/drawing3.xml'
11:55:48.831 [main] DEBUG - Save part 'xl/drawings/drawing4.xml'
11:55:48.832 [main] DEBUG - Save part 'xl/drawings/drawing5.xml'
11:55:48.833 [main] DEBUG - Save part 'xl/drawings/drawing6.xml'
11:55:48.833 [main] DEBUG - Save part 'xl/drawings/drawing7.xml'
11:55:48.834 [main] DEBUG - Save part 'xl/drawings/drawing8.xml'
11:55:48.836 [main] DEBUG - Save part 'xl/drawings/drawing9.xml'
11:55:48.836 [main] DEBUG - Save part 'xl/printerSettings/printerSettings1.bin'
11:55:48.836 [main] DEBUG - Save part 'xl/printerSettings/printerSettings2.bin'
11:55:48.836 [main] DEBUG - Save part 'xl/printerSettings/printerSettings3.bin'
11:55:48.837 [main] DEBUG - Save part 'xl/printerSettings/printerSettings4.bin'
11:55:48.837 [main] DEBUG - Save part 'xl/printerSettings/printerSettings5.bin'
11:55:48.837 [main] DEBUG - Save part 'xl/printerSettings/printerSettings8.bin'
11:55:48.837 [main] DEBUG - Save part 'xl/sharedStrings.xml'
11:55:48.837 [main] DEBUG - Save part 'xl/styles.xml'
11:55:48.838 [main] DEBUG - Save part 'xl/theme/theme1.xml'
11:55:48.838 [main] DEBUG - Save part 'xl/workbook.xml'
11:55:48.839 [main] DEBUG - Save part 'xl/worksheets/sheet1.xml'
11:55:48.840 [main] DEBUG - Save part 'xl/worksheets/sheet2.xml'
11:55:48.841 [main] DEBUG - Save part 'xl/worksheets/sheet3.xml'
11:55:48.842 [main] DEBUG - Save part 'xl/worksheets/sheet4.xml'
11:55:48.842 [main] DEBUG - Save part 'xl/worksheets/sheet5.xml'
11:55:48.843 [main] DEBUG - Save part 'xl/worksheets/sheet8.xml'
11:59:47.278 [main] DEBUG - Parsing relationship: /xl/charts/_rels/chart1.xml.rels
11:59:47.282 [main] DEBUG - Parsing relationship: /xl/charts/_rels/chart2.xml.rels
11:59:47.283 [main] DEBUG - Parsing relationship: /xl/charts/_rels/chart3.xml.rels
11:59:47.283 [main] DEBUG - Parsing relationship: /xl/charts/_rels/chart5.xml.rels
11:59:47.284 [main] DEBUG - Parsing relationship: /xl/charts/_rels/chart8.xml.rels
11:59:47.284 [main] DEBUG - Parsing relationship: /xl/drawings/_rels/drawing1.xml.rels
11:59:47.285 [main] DEBUG - Parsing relationship: /xl/drawings/_rels/drawing5.xml.rels
11:59:47.286 [main] DEBUG - Parsing relationship: /xl/drawings/_rels/drawing7.xml.rels
11:59:47.287 [main] DEBUG - Parsing relationship: /xl/drawings/_rels/drawing8.xml.rels
11:59:47.287 [main] DEBUG - Parsing relationship: /xl/drawings/_rels/drawing10.xml.rels
11:59:47.288 [main] DEBUG - Parsing relationship: /xl/drawings/_rels/drawing11.xml.rels
11:59:47.289 [main] DEBUG - Parsing relationship: /xl/externalLinks/_rels/externalLink1.xml.rels
11:59:47.290 [main] DEBUG - Parsing relationship: /xl/_rels/workbook.xml.rels
11:59:47.291 [main] DEBUG - Parsing relationship: /xl/worksheets/_rels/sheet1.xml.rels
11:59:47.291 [main] DEBUG - Parsing relationship: /xl/worksheets/_rels/sheet2.xml.rels
11:59:47.292 [main] DEBUG - Parsing relationship: /xl/worksheets/_rels/sheet3.xml.rels
11:59:47.292 [main] DEBUG - Parsing relationship: /xl/worksheets/_rels/sheet4.xml.rels
11:59:47.293 [main] DEBUG - Parsing relationship: /xl/worksheets/_rels/sheet6.xml.rels
11:59:47.293 [main] DEBUG - Parsing relationship: /xl/worksheets/_rels/sheet7.xml.rels
11:59:47.294 [main] DEBUG - Parsing relationship: /xl/worksheets/_rels/sheet8.xml.rels
11:59:47.295 [main] DEBUG - Parsing relationship: /_rels/.rels
11:59:47.442 [main] TRACE - Loading type system org.apache.poi.schemas.ooxml.system.ooxml
11:59:47.445 [main] TRACE - Loading type system org.apache.xmlbeans.metadata.system.sXMLCONFIG
11:59:47.446 [main] TRACE - Loading type system org.apache.xmlbeans.metadata.system.sXMLLANG
11:59:47.446 [main] TRACE - Loading type system org.apache.xmlbeans.metadata.system.sXMLSCHEMA
11:59:47.447 [main] TRACE - Loading type system org.apache.xmlbeans.metadata.system.sXMLTOOLS
11:59:47.448 [main] TRACE - Reading unresolved handles for type system org.apache.xmlbeans.metadata.system.sXMLTOOLS
11:59:47.457 [main] TRACE - Finished loading type system org.apache.xmlbeans.metadata.system.sXMLTOOLS
11:59:47.458 [main] TRACE - Reading unresolved handles for type system org.apache.xmlbeans.metadata.system.sXMLSCHEMA
11:59:47.464 [main] TRACE - Finished loading type system org.apache.xmlbeans.metadata.system.sXMLSCHEMA
11:59:47.465 [main] TRACE - Reading unresolved handles for type system org.apache.xmlbeans.metadata.system.sXMLLANG
11:59:47.467 [main] TRACE - Finished loading type system org.apache.xmlbeans.metadata.system.sXMLLANG
11:59:47.468 [main] TRACE - Reading unresolved handles for type system org.apache.xmlbeans.metadata.system.sXMLCONFIG
11:59:47.468 [main] TRACE - Finished loading type system org.apache.xmlbeans.metadata.system.sXMLCONFIG
11:59:47.469 [main] TRACE - Reading unresolved handles for type system org.apache.poi.schemas.ooxml.system.ooxml
11:59:47.513 [main] TRACE - Finished loading type system org.apache.poi.schemas.ooxml.system.ooxml
11:59:47.514 [main] TRACE - Resolving type for handle themefd26doctype
11:59:47.578 [main] TRACE - Resolving type for handle stylesheet5d8bdoctype
11:59:47.588 [main] TRACE - Resolving type for handle ctstylesheet4257type
11:59:47.592 [main] TRACE - Resolving type for handle ctcolors6579type
11:59:47.594 [main] TRACE - Resolving type for handle ctfonts6623type
11:59:47.596 [main] TRACE - Resolving type for handle ctfont14d8type
11:59:47.600 [main] TRACE - Resolving type for handle ctfills2c6ftype
11:59:47.602 [main] TRACE - Resolving type for handle ctfill550ctype
11:59:47.604 [main] TRACE - Resolving type for handle ctborders0d66type
11:59:47.606 [main] TRACE - Resolving type for handle ctborderf935type
11:59:47.609 [main] TRACE - Resolving type for handle ctcellxfs1322type
11:59:47.611 [main] TRACE - Resolving type for handle ctxf97f7type
11:59:47.614 [main] TRACE - Resolving type for handle ctcellstylexfsa81ftype
11:59:47.616 [main] TRACE - Resolving type for handle ctdxfsb26atype
11:59:47.618 [main] TRACE - Resolving type for handle cttablestyles872ftype
11:59:47.621 [main] TRACE - Resolving type for handle sstf81fdoctype
11:59:47.624 [main] TRACE - Resolving type for handle ctsst44f3type
11:59:47.631 [main] TRACE - Resolving type for handle ctrsta472type
11:59:47.656 [main] TRACE - Resolving type for handle calcchainfc37doctype
11:59:47.659 [main] TRACE - Resolving type for handle ctcalcchain5a0btype
11:59:47.662 [main] TRACE - Resolving type for handle externallinkb4c2doctype
11:59:47.666 [main] TRACE - Resolving type for handle ctexternallink966etype
11:59:47.667 [main] DEBUG - using default POIXMLDocumentPart for http://schemas.openxmlformats.org/officeDocument/2006/relationships/printerSettings
11:59:47.667 [main] TRACE - Resolving type for handle ctdrawing2748type
11:59:47.679 [main] TRACE - Resolving type for handle chartspace36e0doctype
11:59:47.684 [main] TRACE - Resolving type for handle ctchartspacef9b4type
11:59:47.694 [main] DEBUG - using default POIXMLDocumentPart for http://schemas.openxmlformats.org/officeDocument/2006/relationships/chartUserShapes
11:59:47.694 [main] DEBUG - using default POIXMLDocumentPart for http://schemas.openxmlformats.org/officeDocument/2006/relationships/chartUserShapes
11:59:47.694 [main] DEBUG - using default POIXMLDocumentPart for http://schemas.openxmlformats.org/officeDocument/2006/relationships/chartUserShapes
11:59:47.694 [main] DEBUG - using default POIXMLDocumentPart for http://schemas.openxmlformats.org/officeDocument/2006/relationships/printerSettings
11:59:47.701 [main] DEBUG - using default POIXMLDocumentPart for http://schemas.openxmlformats.org/officeDocument/2006/relationships/chartUserShapes
11:59:47.702 [main] DEBUG - using default POIXMLDocumentPart for http://schemas.openxmlformats.org/officeDocument/2006/relationships/printerSettings
11:59:47.705 [main] DEBUG - using default POIXMLDocumentPart for http://schemas.openxmlformats.org/officeDocument/2006/relationships/printerSettings
11:59:47.713 [main] DEBUG - using default POIXMLDocumentPart for http://schemas.openxmlformats.org/officeDocument/2006/relationships/chartUserShapes
11:59:47.713 [main] DEBUG - using default POIXMLDocumentPart for http://schemas.openxmlformats.org/officeDocument/2006/relationships/printerSettings
11:59:47.716 [main] DEBUG - using default POIXMLDocumentPart for http://schemas.openxmlformats.org/officeDocument/2006/relationships/printerSettings
11:59:47.719 [main] DEBUG - using default POIXMLDocumentPart for http://schemas.openxmlformats.org/officeDocument/2006/relationships/printerSettings
11:59:47.720 [main] TRACE - Resolving type for handle workbookec17doctype
11:59:47.725 [main] TRACE - Resolving type for handle ctworkbook83c3type
11:59:47.731 [main] TRACE - Resolving type for handle ctsheets49fdtype
11:59:47.734 [main] TRACE - Resolving type for handle ctsheet4dbetype
11:59:47.735 [main] TRACE - Resolving type for handle strelationshipid1e94type
11:59:47.738 [main] TRACE - Resolving type for handle worksheetf539doctype
11:59:47.742 [main] TRACE - Resolving type for handle ctworksheet530dtype
11:59:47.750 [main] TRACE - Resolving type for handle ctcols627ctype
11:59:47.755 [main] TRACE - Resolving type for handle ctcola95ftype
11:59:47.775 [main] TRACE - Resolving type for handle ctsheetdata8408type
11:59:47.783 [main] TRACE - Resolving type for handle ctrowdd39type
11:59:47.792 [main] TRACE - Resolving type for handle ctcell842btype
11:59:47.803 [main] TRACE - Resolving type for handle stcellrefe4e0type
11:59:47.844 [main] TRACE - Resolving type for handle ctcellformula3583type
11:59:47.856 [main] TRACE - Resolving type for handle stcellformulatypee2cdtype
11:59:47.864 [main] TRACE - Resolving type for handle ctexternalreferencesd77ctype
11:59:47.868 [main] TRACE - Resolving type for handle ctexternalreference945ftype
11:59:47.873 [main] TRACE - Resolving type for handle ctdefinednamesce48type
11:59:47.875 [main] TRACE - Resolving type for handle ctdefinedname9413type
11:59:47.878 [main] TRACE - Resolving type for handle stxstringf179type
11:59:47.884 [main] TRACE - Resolving type for handle stsheetstate158btype
11:59:47.900 [main] TRACE - Resolving type for handle stcelltypebf95type
11:59:47.916 [main] TRACE - Resolving type for handle ctsheetprotection22f7type
11:59:47.965 [main] TRACE - Resolving type for handle stnumfmtid76fbtype
11:59:47.967 [main] TRACE - Resolving type for handle stfontid9d63type
11:59:47.968 [main] TRACE - Resolving type for handle stfillida097type
11:59:47.969 [main] TRACE - Resolving type for handle stborderid1a80type
11:59:47.970 [main] TRACE - Resolving type for handle stcellstylexfid70c7type
11:59:47.974 [main] TRACE - Resolving type for handle ctcellalignmentb580type
11:59:47.976 [main] TRACE - Resolving type for handle stverticalalignmentd35ctype
11:59:47.978 [main] TRACE - Resolving type for handle ctborderpre497type
11:59:47.979 [main] TRACE - Resolving type for handle stborderstylec774type
11:59:47.981 [main] TRACE - Resolving type for handle ctcolord2c2type
11:59:47.985 [main] TRACE - Resolving type for handle ctfontname2dc3type
11:59:47.991 [main] TRACE - Resolving type for handle ctfontsizeb3b9type
11:59:47.994 [main] TRACE - Resolving type for handle ctbooleanproperty1f3ctype
11:59:48.000 [main] TRACE - Resolving type for handle stunsignedinthex27datype
11:59:48.009 [main] TRACE - Resolving type for handle sthorizontalalignmentf92etype
11:59:48.021 [main] TRACE - Resolving type for handle ctdrawing44fdtype
11:59:48.022 [main] TRACE - Resolving type for handle ctchartc108type
11:59:48.024 [main] TRACE - Resolving type for handle cttitleb54etype
11:59:48.030 [main] TRACE - Resolving type for handle cttx9678type
11:59:48.033 [main] TRACE - Resolving type for handle cttextbodya3catype
11:59:48.036 [main] TRACE - Resolving type for handle cttextparagraphcaf2type
11:59:48.038 [main] TRACE - Resolving type for handle ctregulartextrun7e3dtype
11:59:48.054 [main] TRACE - Resolving type for handle ctplotarea106etype
11:59:48.062 [main] TRACE - Resolving type for handle ctcatax7159type
11:59:48.065 [main] TRACE - Resolving type for handle ctunsignedinte8ectype
11:59:48.068 [main] TRACE - Resolving type for handle ctvalaxd06etype
11:59:48.072 [main] TRACE - Resolving type for handle ctbarchart4151type
11:59:48.075 [main] TRACE - Resolving type for handle ctbardir5f42type
11:59:48.078 [main] TRACE - Resolving type for handle ctbarser960ftype
11:59:48.079 [main] TRACE - Resolving type for handle ctaxdatasource1440type
11:59:48.080 [main] TRACE - Resolving type for handle ctnumdatasourcef0bbtype
11:59:48.083 [main] TRACE - Resolving type for handle ctstrref5d1atype
11:59:48.087 [main] TRACE - Resolving type for handle ctstrdatad58btype
11:59:48.090 [main] TRACE - Resolving type for handle ctnumref062ftype
11:59:48.091 [main] TRACE - Resolving type for handle ctnumdata4f16type
11:59:48.104 [main] TRACE - Resolving type for handle ctworkbookpr03a5type
11:59:48.107 [main] TRACE - Resolving type for handle ctbookviewsb864type
11:59:48.108 [main] TRACE - Resolving type for handle ctbookviewf677type
11:59:48.112 [main] TRACE - Resolving type for handle propertiesee84doctype
11:59:48.113 [main] TRACE - Resolving type for handle ctproperties3f10type
11:59:48.117 [main] TRACE - Resolving type for handle properties288cdoctype
11:59:48.118 [main] TRACE - Resolving type for handle ctproperties2c18type
11:59:48.121 [main] TRACE - Resolving type for handle ctfontfamily685ctype
11:59:48.122 [main] TRACE - Resolving type for handle stfontfamily9c6ctype
11:59:48.124 [main] TRACE - Resolving type for handle ctfontschemebf5dtype
11:59:48.125 [main] TRACE - Resolving type for handle stfontschemef36dtype
11:59:48.127 [main] TRACE - Resolving type for handle ctpatternfill7452type
11:59:48.129 [main] TRACE - Resolving type for handle stpatterntype7939type
11:59:48.131 [main] TRACE - Resolving type for handle ctsheetformatprdef7type
11:59:48.133 [main] TRACE - Resolving type for handle ctsheetviewsb918type
11:59:48.135 [main] TRACE - Resolving type for handle ctsheetview0f43type
11:59:48.138 [main] TRACE - Resolving type for handle ctsheetdimensiond310type
11:59:48.140 [main] TRACE - Resolving type for handle stref90a2type
11:59:48.141 [main] TRACE - Resolving type for handle ctpagemargins5455type
11:59:48.146 [main] TRACE - Resolving type for handle ctstrval86cctype
11:59:48.150 [main] TRACE - Resolving type for handle ctnumval2fe1type
11:59:48.152 [main] TRACE - Resolving type for handle ctpaneaab1type
11:59:48.153 [main] TRACE - Resolving type for handle stpane2ac1type
11:59:48.154 [main] TRACE - Resolving type for handle stpanestateae58type
11:59:48.154 [main] TRACE - Resolving type for handle ctselectionca2btype
11:59:48.157 [main] TRACE - Resolving type for handle cttwocellanchor1e8dtype
11:59:48.158 [main] TRACE - Resolving type for handle ctmarkeree8etype
11:59:48.160 [main] TRACE - Resolving type for handle strowidf4cftype
11:59:48.164 [main] TRACE - Resolving type for handle ctcalccellb960type
11:59:48.169 [main] TRACE - Resolving type for handle ctmergecells1242type
11:59:48.169 [main] TRACE - Resolving type for handle ctmergecelle8d9type
11:59:48.257 [main] TRACE - Resolving type for handle ctworkbookprotection56bctype
11:59:48.313 [main] TRACE - Resolving type for handle ctnumfmtsb58btype
11:59:48.365 [main] DEBUG - Save content types part
11:59:48.483 [main] DEBUG - Save package relationships
11:59:48.487 [main] DEBUG - Save part 'docProps/app.xml'
11:59:48.488 [main] DEBUG - Save part 'docProps/core.xml'
11:59:48.490 [main] DEBUG - Save part 'xl/charts/chart1.xml'
11:59:48.492 [main] DEBUG - Save part 'xl/charts/chart2.xml'
11:59:48.493 [main] DEBUG - Save part 'xl/charts/chart3.xml'
11:59:48.495 [main] DEBUG - Save part 'xl/charts/chart4.xml'
11:59:48.496 [main] DEBUG - Save part 'xl/charts/chart5.xml'
11:59:48.497 [main] DEBUG - Save part 'xl/charts/chart6.xml'
11:59:48.497 [main] DEBUG - Save part 'xl/charts/chart7.xml'
11:59:48.497 [main] DEBUG - Save part 'xl/charts/chart8.xml'
11:59:48.498 [main] DEBUG - Save part 'xl/charts/chart9.xml'
11:59:48.499 [main] DEBUG - Save part 'xl/charts/chart10.xml'
11:59:48.499 [main] DEBUG - Save part 'xl/drawings/drawing1.xml'
11:59:48.500 [main] DEBUG - Save part 'xl/drawings/drawing2.xml'
11:59:48.501 [main] DEBUG - Save part 'xl/drawings/drawing3.xml'
11:59:48.501 [main] DEBUG - Save part 'xl/drawings/drawing4.xml'
11:59:48.501 [main] DEBUG - Save part 'xl/drawings/drawing5.xml'
11:59:48.503 [main] DEBUG - Save part 'xl/drawings/drawing6.xml'
11:59:48.503 [main] DEBUG - Save part 'xl/drawings/drawing7.xml'
11:59:48.503 [main] DEBUG - Save part 'xl/drawings/drawing8.xml'
11:59:48.505 [main] DEBUG - Save part 'xl/drawings/drawing9.xml'
11:59:48.506 [main] DEBUG - Save part 'xl/externalLinks/externalLink1.xml'
11:59:48.507 [main] DEBUG - Save part 'xl/printerSettings/printerSettings1.bin'
11:59:48.507 [main] DEBUG - Save part 'xl/printerSettings/printerSettings2.bin'
11:59:48.507 [main] DEBUG - Save part 'xl/printerSettings/printerSettings3.bin'
11:59:48.507 [main] DEBUG - Save part 'xl/printerSettings/printerSettings4.bin'
11:59:48.508 [main] DEBUG - Save part 'xl/printerSettings/printerSettings7.bin'
11:59:48.508 [main] DEBUG - Save part 'xl/sharedStrings.xml'
11:59:48.508 [main] DEBUG - Save part 'xl/styles.xml'
11:59:48.508 [main] DEBUG - Save part 'xl/theme/theme1.xml'
11:59:48.508 [main] DEBUG - Save part 'xl/workbook.xml'
11:59:48.510 [main] DEBUG - Save part 'xl/worksheets/sheet1.xml'
11:59:48.511 [main] DEBUG - Save part 'xl/worksheets/sheet2.xml'
11:59:48.512 [main] DEBUG - Save part 'xl/worksheets/sheet3.xml'
11:59:48.513 [main] DEBUG - Save part 'xl/worksheets/sheet4.xml'
11:59:48.514 [main] DEBUG - Save part 'xl/worksheets/sheet8.xml'
12:01:04.518 [main] DEBUG - Parsing relationship: /xl/charts/_rels/chart1.xml.rels
12:01:04.524 [main] DEBUG - Parsing relationship: /xl/charts/_rels/chart2.xml.rels
12:01:04.525 [main] DEBUG - Parsing relationship: /xl/charts/_rels/chart3.xml.rels
12:01:04.526 [main] DEBUG - Parsing relationship: /xl/charts/_rels/chart5.xml.rels
12:01:04.527 [main] DEBUG - Parsing relationship: /xl/charts/_rels/chart8.xml.rels
12:01:04.528 [main] DEBUG - Parsing relationship: /xl/drawings/_rels/drawing1.xml.rels
12:01:04.529 [main] DEBUG - Parsing relationship: /xl/drawings/_rels/drawing5.xml.rels
12:01:04.530 [main] DEBUG - Parsing relationship: /xl/drawings/_rels/drawing7.xml.rels
12:01:04.531 [main] DEBUG - Parsing relationship: /xl/drawings/_rels/drawing8.xml.rels
12:01:04.532 [main] DEBUG - Parsing relationship: /xl/drawings/_rels/drawing10.xml.rels
12:01:04.532 [main] DEBUG - Parsing relationship: /xl/drawings/_rels/drawing11.xml.rels
12:01:04.533 [main] DEBUG - Parsing relationship: /xl/externalLinks/_rels/externalLink1.xml.rels
12:01:04.534 [main] DEBUG - Parsing relationship: /xl/_rels/workbook.xml.rels
12:01:04.535 [main] DEBUG - Parsing relationship: /xl/worksheets/_rels/sheet1.xml.rels
12:01:04.535 [main] DEBUG - Parsing relationship: /xl/worksheets/_rels/sheet2.xml.rels
12:01:04.536 [main] DEBUG - Parsing relationship: /xl/worksheets/_rels/sheet3.xml.rels
12:01:04.536 [main] DEBUG - Parsing relationship: /xl/worksheets/_rels/sheet4.xml.rels
12:01:04.537 [main] DEBUG - Parsing relationship: /xl/worksheets/_rels/sheet6.xml.rels
12:01:04.537 [main] DEBUG - Parsing relationship: /xl/worksheets/_rels/sheet7.xml.rels
12:01:04.538 [main] DEBUG - Parsing relationship: /xl/worksheets/_rels/sheet8.xml.rels
12:01:04.539 [main] DEBUG - Parsing relationship: /_rels/.rels
12:01:04.682 [main] TRACE - Loading type system org.apache.poi.schemas.ooxml.system.ooxml
12:01:04.684 [main] TRACE - Loading type system org.apache.xmlbeans.metadata.system.sXMLCONFIG
12:01:04.685 [main] TRACE - Loading type system org.apache.xmlbeans.metadata.system.sXMLLANG
12:01:04.685 [main] TRACE - Loading type system org.apache.xmlbeans.metadata.system.sXMLSCHEMA
12:01:04.686 [main] TRACE - Loading type system org.apache.xmlbeans.metadata.system.sXMLTOOLS
12:01:04.687 [main] TRACE - Reading unresolved handles for type system org.apache.xmlbeans.metadata.system.sXMLTOOLS
12:01:04.696 [main] TRACE - Finished loading type system org.apache.xmlbeans.metadata.system.sXMLTOOLS
12:01:04.696 [main] TRACE - Reading unresolved handles for type system org.apache.xmlbeans.metadata.system.sXMLSCHEMA
12:01:04.701 [main] TRACE - Finished loading type system org.apache.xmlbeans.metadata.system.sXMLSCHEMA
12:01:04.702 [main] TRACE - Reading unresolved handles for type system org.apache.xmlbeans.metadata.system.sXMLLANG
12:01:04.703 [main] TRACE - Finished loading type system org.apache.xmlbeans.metadata.system.sXMLLANG
12:01:04.704 [main] TRACE - Reading unresolved handles for type system org.apache.xmlbeans.metadata.system.sXMLCONFIG
12:01:04.705 [main] TRACE - Finished loading type system org.apache.xmlbeans.metadata.system.sXMLCONFIG
12:01:04.706 [main] TRACE - Reading unresolved handles for type system org.apache.poi.schemas.ooxml.system.ooxml
12:01:04.745 [main] TRACE - Finished loading type system org.apache.poi.schemas.ooxml.system.ooxml
12:01:04.746 [main] TRACE - Resolving type for handle themefd26doctype
12:01:04.788 [main] TRACE - Resolving type for handle stylesheet5d8bdoctype
12:01:04.795 [main] TRACE - Resolving type for handle ctstylesheet4257type
12:01:04.799 [main] TRACE - Resolving type for handle ctcolors6579type
12:01:04.800 [main] TRACE - Resolving type for handle ctfonts6623type
12:01:04.802 [main] TRACE - Resolving type for handle ctfont14d8type
12:01:04.807 [main] TRACE - Resolving type for handle ctfills2c6ftype
12:01:04.809 [main] TRACE - Resolving type for handle ctfill550ctype
12:01:04.810 [main] TRACE - Resolving type for handle ctborders0d66type
12:01:04.812 [main] TRACE - Resolving type for handle ctborderf935type
12:01:04.814 [main] TRACE - Resolving type for handle ctcellxfs1322type
12:01:04.816 [main] TRACE - Resolving type for handle ctxf97f7type
12:01:04.818 [main] TRACE - Resolving type for handle ctcellstylexfsa81ftype
12:01:04.820 [main] TRACE - Resolving type for handle ctdxfsb26atype
12:01:04.821 [main] TRACE - Resolving type for handle cttablestyles872ftype
12:01:04.824 [main] TRACE - Resolving type for handle sstf81fdoctype
12:01:04.827 [main] TRACE - Resolving type for handle ctsst44f3type
12:01:04.833 [main] TRACE - Resolving type for handle ctrsta472type
12:01:04.854 [main] TRACE - Resolving type for handle calcchainfc37doctype
12:01:04.856 [main] TRACE - Resolving type for handle ctcalcchain5a0btype
12:01:04.858 [main] TRACE - Resolving type for handle externallinkb4c2doctype
12:01:04.860 [main] TRACE - Resolving type for handle ctexternallink966etype
12:01:04.862 [main] DEBUG - using default POIXMLDocumentPart for http://schemas.openxmlformats.org/officeDocument/2006/relationships/printerSettings
12:01:04.863 [main] TRACE - Resolving type for handle ctdrawing2748type
12:01:04.875 [main] TRACE - Resolving type for handle chartspace36e0doctype
12:01:04.883 [main] TRACE - Resolving type for handle ctchartspacef9b4type
12:01:04.893 [main] DEBUG - using default POIXMLDocumentPart for http://schemas.openxmlformats.org/officeDocument/2006/relationships/chartUserShapes
12:01:04.894 [main] DEBUG - using default POIXMLDocumentPart for http://schemas.openxmlformats.org/officeDocument/2006/relationships/chartUserShapes
12:01:04.894 [main] DEBUG - using default POIXMLDocumentPart for http://schemas.openxmlformats.org/officeDocument/2006/relationships/chartUserShapes
12:01:04.894 [main] DEBUG - using default POIXMLDocumentPart for http://schemas.openxmlformats.org/officeDocument/2006/relationships/printerSettings
12:01:04.905 [main] DEBUG - using default POIXMLDocumentPart for http://schemas.openxmlformats.org/officeDocument/2006/relationships/chartUserShapes
12:01:04.906 [main] DEBUG - using default POIXMLDocumentPart for http://schemas.openxmlformats.org/officeDocument/2006/relationships/printerSettings
12:01:04.909 [main] DEBUG - using default POIXMLDocumentPart for http://schemas.openxmlformats.org/officeDocument/2006/relationships/printerSettings
12:01:04.915 [main] DEBUG - using default POIXMLDocumentPart for http://schemas.openxmlformats.org/officeDocument/2006/relationships/chartUserShapes
12:01:04.915 [main] DEBUG - using default POIXMLDocumentPart for http://schemas.openxmlformats.org/officeDocument/2006/relationships/printerSettings
12:01:04.919 [main] DEBUG - using default POIXMLDocumentPart for http://schemas.openxmlformats.org/officeDocument/2006/relationships/printerSettings
12:01:04.923 [main] DEBUG - using default POIXMLDocumentPart for http://schemas.openxmlformats.org/officeDocument/2006/relationships/printerSettings
12:01:04.926 [main] TRACE - Resolving type for handle workbookec17doctype
12:01:04.935 [main] TRACE - Resolving type for handle ctworkbook83c3type
12:01:04.949 [main] TRACE - Resolving type for handle ctsheets49fdtype
12:01:04.951 [main] TRACE - Resolving type for handle ctsheet4dbetype
12:01:04.953 [main] TRACE - Resolving type for handle strelationshipid1e94type
12:01:04.955 [main] TRACE - Resolving type for handle worksheetf539doctype
12:01:04.958 [main] TRACE - Resolving type for handle ctworksheet530dtype
12:01:04.966 [main] TRACE - Resolving type for handle ctcols627ctype
12:01:04.971 [main] TRACE - Resolving type for handle ctcola95ftype
12:01:04.993 [main] TRACE - Resolving type for handle ctsheetdata8408type
12:01:05.002 [main] TRACE - Resolving type for handle ctrowdd39type
12:01:05.010 [main] TRACE - Resolving type for handle ctcell842btype
12:01:05.016 [main] TRACE - Resolving type for handle stcellrefe4e0type
12:01:05.039 [main] TRACE - Resolving type for handle ctcellformula3583type
12:01:05.051 [main] TRACE - Resolving type for handle stcellformulatypee2cdtype
12:01:05.060 [main] TRACE - Resolving type for handle ctexternalreferencesd77ctype
12:01:05.065 [main] TRACE - Resolving type for handle ctexternalreference945ftype
12:01:05.073 [main] TRACE - Resolving type for handle ctdefinednamesce48type
12:01:05.074 [main] TRACE - Resolving type for handle ctdefinedname9413type
12:01:05.077 [main] TRACE - Resolving type for handle stxstringf179type
12:01:05.081 [main] TRACE - Resolving type for handle stsheetstate158btype
12:01:05.090 [main] TRACE - Resolving type for handle stcelltypebf95type
12:01:05.095 [main] TRACE - Resolving type for handle ctsheetprotection22f7type
12:01:05.128 [main] TRACE - Resolving type for handle stnumfmtid76fbtype
12:01:05.130 [main] TRACE - Resolving type for handle stfontid9d63type
12:01:05.131 [main] TRACE - Resolving type for handle stfillida097type
12:01:05.132 [main] TRACE - Resolving type for handle stborderid1a80type
12:01:05.133 [main] TRACE - Resolving type for handle stcellstylexfid70c7type
12:01:05.137 [main] TRACE - Resolving type for handle ctcellalignmentb580type
12:01:05.139 [main] TRACE - Resolving type for handle stverticalalignmentd35ctype
12:01:05.143 [main] TRACE - Resolving type for handle ctborderpre497type
12:01:05.148 [main] TRACE - Resolving type for handle stborderstylec774type
12:01:05.151 [main] TRACE - Resolving type for handle ctcolord2c2type
12:01:05.159 [main] TRACE - Resolving type for handle ctfontname2dc3type
12:01:05.162 [main] TRACE - Resolving type for handle ctfontsizeb3b9type
12:01:05.164 [main] TRACE - Resolving type for handle ctbooleanproperty1f3ctype
12:01:05.168 [main] TRACE - Resolving type for handle stunsignedinthex27datype
12:01:05.183 [main] TRACE - Resolving type for handle sthorizontalalignmentf92etype
12:01:05.194 [main] TRACE - Resolving type for handle ctdrawing44fdtype
12:01:05.195 [main] TRACE - Resolving type for handle ctchartc108type
12:01:05.197 [main] TRACE - Resolving type for handle cttitleb54etype
12:01:05.213 [main] TRACE - Resolving type for handle cttx9678type
12:01:05.215 [main] TRACE - Resolving type for handle cttextbodya3catype
12:01:05.216 [main] TRACE - Resolving type for handle cttextparagraphcaf2type
12:01:05.218 [main] TRACE - Resolving type for handle ctregulartextrun7e3dtype
12:01:05.225 [main] TRACE - Resolving type for handle ctplotarea106etype
12:01:05.232 [main] TRACE - Resolving type for handle ctcatax7159type
12:01:05.237 [main] TRACE - Resolving type for handle ctunsignedinte8ectype
12:01:05.239 [main] TRACE - Resolving type for handle ctvalaxd06etype
12:01:05.243 [main] TRACE - Resolving type for handle ctbarchart4151type
12:01:05.249 [main] TRACE - Resolving type for handle ctbardir5f42type
12:01:05.255 [main] TRACE - Resolving type for handle ctbarser960ftype
12:01:05.258 [main] TRACE - Resolving type for handle ctaxdatasource1440type
12:01:05.261 [main] TRACE - Resolving type for handle ctnumdatasourcef0bbtype
12:01:05.266 [main] TRACE - Resolving type for handle ctstrref5d1atype
12:01:05.269 [main] TRACE - Resolving type for handle ctstrdatad58btype
12:01:05.273 [main] TRACE - Resolving type for handle ctnumref062ftype
12:01:05.275 [main] TRACE - Resolving type for handle ctnumdata4f16type
12:01:05.299 [main] TRACE - Resolving type for handle ctworkbookpr03a5type
12:01:05.305 [main] TRACE - Resolving type for handle ctbookviewsb864type
12:01:05.317 [main] TRACE - Resolving type for handle ctbookviewf677type
12:01:05.330 [main] TRACE - Resolving type for handle propertiesee84doctype
12:01:05.331 [main] TRACE - Resolving type for handle ctproperties3f10type
12:01:05.337 [main] TRACE - Resolving type for handle properties288cdoctype
12:01:05.338 [main] TRACE - Resolving type for handle ctproperties2c18type
12:01:05.344 [main] TRACE - Resolving type for handle ctfontfamily685ctype
12:01:05.345 [main] TRACE - Resolving type for handle stfontfamily9c6ctype
12:01:05.348 [main] TRACE - Resolving type for handle ctfontschemebf5dtype
12:01:05.350 [main] TRACE - Resolving type for handle stfontschemef36dtype
12:01:05.351 [main] TRACE - Resolving type for handle ctpatternfill7452type
12:01:05.354 [main] TRACE - Resolving type for handle stpatterntype7939type
12:01:05.357 [main] TRACE - Resolving type for handle ctsheetformatprdef7type
12:01:05.360 [main] TRACE - Resolving type for handle ctsheetviewsb918type
12:01:05.362 [main] TRACE - Resolving type for handle ctsheetview0f43type
12:01:05.368 [main] TRACE - Resolving type for handle ctsheetdimensiond310type
12:01:05.371 [main] TRACE - Resolving type for handle stref90a2type
12:01:05.374 [main] TRACE - Resolving type for handle ctpagemargins5455type
12:01:05.380 [main] TRACE - Resolving type for handle ctstrval86cctype
12:01:05.383 [main] TRACE - Resolving type for handle ctnumval2fe1type
12:01:05.386 [main] TRACE - Resolving type for handle ctpaneaab1type
12:01:05.392 [main] TRACE - Resolving type for handle stpane2ac1type
12:01:05.393 [main] TRACE - Resolving type for handle stpanestateae58type
12:01:05.396 [main] TRACE - Resolving type for handle ctselectionca2btype
12:01:05.405 [main] TRACE - Resolving type for handle cttwocellanchor1e8dtype
12:01:05.407 [main] TRACE - Resolving type for handle ctmarkeree8etype
12:01:05.410 [main] TRACE - Resolving type for handle strowidf4cftype
12:01:05.420 [main] TRACE - Resolving type for handle ctcalccellb960type
12:01:05.428 [main] TRACE - Resolving type for handle ctmergecells1242type
12:01:05.430 [main] TRACE - Resolving type for handle ctmergecelle8d9type
12:01:05.512 [main] TRACE - Resolving type for handle ctworkbookprotection56bctype
12:01:05.544 [main] TRACE - Resolving type for handle ctnumfmtsb58btype
12:01:05.593 [main] DEBUG - Save content types part
12:01:05.728 [main] DEBUG - Save package relationships
12:01:05.734 [main] DEBUG - Save part 'docProps/app.xml'
12:01:05.734 [main] DEBUG - Save part 'docProps/core.xml'
12:01:05.737 [main] DEBUG - Save part 'xl/charts/chart1.xml'
12:01:05.739 [main] DEBUG - Save part 'xl/charts/chart2.xml'
12:01:05.740 [main] DEBUG - Save part 'xl/charts/chart3.xml'
12:01:05.742 [main] DEBUG - Save part 'xl/charts/chart4.xml'
12:01:05.743 [main] DEBUG - Save part 'xl/charts/chart5.xml'
12:01:05.744 [main] DEBUG - Save part 'xl/charts/chart6.xml'
12:01:05.744 [main] DEBUG - Save part 'xl/charts/chart7.xml'
12:01:05.744 [main] DEBUG - Save part 'xl/charts/chart8.xml'
12:01:05.746 [main] DEBUG - Save part 'xl/charts/chart9.xml'
12:01:05.746 [main] DEBUG - Save part 'xl/charts/chart10.xml'
12:01:05.747 [main] DEBUG - Save part 'xl/drawings/drawing1.xml'
12:01:05.750 [main] DEBUG - Save part 'xl/drawings/drawing2.xml'
12:01:05.750 [main] DEBUG - Save part 'xl/drawings/drawing3.xml'
12:01:05.751 [main] DEBUG - Save part 'xl/drawings/drawing4.xml'
12:01:05.751 [main] DEBUG - Save part 'xl/drawings/drawing5.xml'
12:01:05.754 [main] DEBUG - Save part 'xl/drawings/drawing6.xml'
12:01:05.755 [main] DEBUG - Save part 'xl/drawings/drawing7.xml'
12:01:05.758 [main] DEBUG - Save part 'xl/drawings/drawing8.xml'
12:01:05.760 [main] DEBUG - Save part 'xl/drawings/drawing9.xml'
12:01:05.761 [main] DEBUG - Save part 'xl/externalLinks/externalLink1.xml'
12:01:05.764 [main] DEBUG - Save part 'xl/printerSettings/printerSettings1.bin'
12:01:05.765 [main] DEBUG - Save part 'xl/printerSettings/printerSettings2.bin'
12:01:05.765 [main] DEBUG - Save part 'xl/printerSettings/printerSettings3.bin'
12:01:05.766 [main] DEBUG - Save part 'xl/printerSettings/printerSettings4.bin'
12:01:05.766 [main] DEBUG - Save part 'xl/printerSettings/printerSettings7.bin'
12:01:05.767 [main] DEBUG - Save part 'xl/sharedStrings.xml'
12:01:05.767 [main] DEBUG - Save part 'xl/styles.xml'
12:01:05.767 [main] DEBUG - Save part 'xl/theme/theme1.xml'
12:01:05.768 [main] DEBUG - Save part 'xl/workbook.xml'
12:01:05.770 [main] DEBUG - Save part 'xl/worksheets/sheet1.xml'
