18:36:02.873 [main] TRACE - Resolving type for handle ctworksheet530dtype
18:36:02.884 [main] TRACE - Resolving type for handle ctcols627ctype
18:36:02.887 [main] TRACE - Resolving type for handle ctcola95ftype
18:36:02.900 [main] TRACE - Resolving type for handle ctsheetdata8408type
18:36:02.903 [main] TRACE - Resolving type for handle ctrowdd39type
18:36:02.906 [main] TRACE - Resolving type for handle ctcell842btype
18:36:02.911 [main] TRACE - Resolving type for handle stcellrefe4e0type
18:36:02.940 [main] TRACE - Resolving type for handle ctdefinednamesce48type
18:36:02.942 [main] TRACE - Resolving type for handle ctdefinedname9413type
18:36:02.946 [main] TRACE - Resolving type for handle stxstringf179type
18:36:02.949 [main] TRACE - Resolving type for handle stsheetstate158btype
18:36:02.962 [main] TRACE - Resolving type for handle stcelltypebf95type
18:36:02.970 [main] TRACE - Resolving type for handle ctdrawing44fdtype
18:36:02.974 [main] TRACE - Resolving type for handle cttwocellanchor1e8dtype
18:36:02.976 [main] TRACE - Resolving type for handle ctmarkeree8etype
18:36:02.979 [main] TRACE - Resolving type for handle strowidf4cftype
18:36:02.991 [main] TRACE - Resolving type for handle ctmergecells1242type
18:36:02.993 [main] TRACE - Resolving type for handle ctmergecelle8d9type
18:36:02.995 [main] TRACE - Resolving type for handle stref90a2type
18:36:03.015 [main] TRACE - Resolving type for handle stnumfmtid76fbtype
18:36:03.016 [main] TRACE - Resolving type for handle stfontid9d63type
18:36:03.017 [main] TRACE - Resolving type for handle stfillida097type
18:36:03.018 [main] TRACE - Resolving type for handle stborderid1a80type
18:36:03.019 [main] TRACE - Resolving type for handle stcellstylexfid70c7type
18:36:03.022 [main] TRACE - Resolving type for handle ctcellalignmentb580type
18:36:03.023 [main] TRACE - Resolving type for handle stverticalalignmentd35ctype
18:36:03.025 [main] TRACE - Resolving type for handle ctborderpre497type
18:36:03.026 [main] TRACE - Resolving type for handle stborderstylec774type
18:36:03.028 [main] TRACE - Resolving type for handle ctcolord2c2type
18:36:03.033 [main] TRACE - Resolving type for handle sthorizontalalignmentf92etype
18:36:03.039 [main] TRACE - Resolving type for handle ctchartc108type
18:36:03.042 [main] TRACE - Resolving type for handle cttitleb54etype
18:36:03.069 [main] TRACE - Resolving type for handle cttx9678type
18:36:03.070 [main] TRACE - Resolving type for handle cttextbodya3catype
18:36:03.071 [main] TRACE - Resolving type for handle cttextparagraphcaf2type
18:36:03.072 [main] TRACE - Resolving type for handle ctregulartextrun7e3dtype
18:36:03.078 [main] TRACE - Resolving type for handle ctplotarea106etype
18:36:03.085 [main] TRACE - Resolving type for handle ctcatax7159type
18:36:03.088 [main] TRACE - Resolving type for handle ctunsignedinte8ectype
18:36:03.089 [main] TRACE - Resolving type for handle ctvalaxd06etype
18:36:03.091 [main] TRACE - Resolving type for handle ctbarchart4151type
18:36:03.094 [main] TRACE - Resolving type for handle ctbardir5f42type
18:36:03.096 [main] TRACE - Resolving type for handle ctbarser960ftype
18:36:03.098 [main] TRACE - Resolving type for handle ctaxdatasource1440type
18:36:03.099 [main] TRACE - Resolving type for handle ctnumdatasourcef0bbtype
18:36:03.101 [main] TRACE - Resolving type for handle ctstrref5d1atype
18:36:03.102 [main] TRACE - Resolving type for handle ctstrdatad58btype
18:36:03.104 [main] TRACE - Resolving type for handle ctnumref062ftype
18:36:03.105 [main] TRACE - Resolving type for handle ctnumdata4f16type
18:36:03.115 [main] TRACE - Resolving type for handle ctworkbookpr03a5type
18:36:03.118 [main] TRACE - Resolving type for handle ctbookviewsb864type
18:36:03.119 [main] TRACE - Resolving type for handle ctbookviewf677type
18:36:03.123 [main] TRACE - Resolving type for handle propertiesee84doctype
18:36:03.123 [main] TRACE - Resolving type for handle ctproperties3f10type
18:36:03.126 [main] TRACE - Resolving type for handle properties288cdoctype
18:36:03.127 [main] TRACE - Resolving type for handle ctproperties2c18type
18:36:03.129 [main] TRACE - Resolving type for handle ctfontsizeb3b9type
18:36:03.131 [main] TRACE - Resolving type for handle ctfontname2dc3type
18:36:03.132 [main] TRACE - Resolving type for handle ctfontfamily685ctype
18:36:03.132 [main] TRACE - Resolving type for handle stfontfamily9c6ctype
18:36:03.133 [main] TRACE - Resolving type for handle ctfontschemebf5dtype
18:36:03.134 [main] TRACE - Resolving type for handle stfontschemef36dtype
18:36:03.135 [main] TRACE - Resolving type for handle ctpatternfill7452type
18:36:03.137 [main] TRACE - Resolving type for handle stpatterntype7939type
18:36:03.138 [main] TRACE - Resolving type for handle ctsheetformatprdef7type
18:36:03.140 [main] TRACE - Resolving type for handle ctsheetviewsb918type
18:36:03.141 [main] TRACE - Resolving type for handle ctsheetview0f43type
18:36:03.144 [main] TRACE - Resolving type for handle ctsheetdimensiond310type
18:36:03.144 [main] TRACE - Resolving type for handle ctpagemargins5455type
18:36:03.147 [main] TRACE - Resolving type for handle ctstrval86cctype
18:36:03.149 [main] TRACE - Resolving type for handle ctnumval2fe1type
18:36:03.154 [main] TRACE - Resolving type for handle ctbooleanproperty1f3ctype
18:36:03.156 [main] TRACE - Resolving type for handle stunsignedinthex27datype
18:36:03.177 [main] TRACE - Resolving type for handle ctsheetprotection22f7type
18:36:03.192 [main] TRACE - Resolving type for handle ctpaneaab1type
18:36:03.195 [main] TRACE - Resolving type for handle stpane2ac1type
18:36:03.196 [main] TRACE - Resolving type for handle stpanestateae58type
18:36:03.197 [main] TRACE - Resolving type for handle ctselectionca2btype
18:36:03.226 [main] TRACE - Resolving type for handle ctworkbookprotection56bctype
18:36:03.254 [main] TRACE - Resolving type for handle ctnumfmtsb58btype
18:36:03.312 [main] DEBUG - Save content types part
18:36:03.454 [main] DEBUG - Save package relationships
18:36:03.460 [main] DEBUG - Save part 'docProps/app.xml'
18:36:03.461 [main] DEBUG - Save part 'docProps/core.xml'
18:36:03.463 [main] DEBUG - Save part 'xl/charts/chart1.xml'
18:36:03.463 [main] DEBUG - Save part 'xl/charts/chart2.xml'
18:36:03.464 [main] DEBUG - Save part 'xl/charts/chart3.xml'
18:36:03.464 [main] DEBUG - Save part 'xl/charts/chart4.xml'
18:36:03.465 [main] DEBUG - Save part 'xl/charts/chart5.xml'
18:36:03.466 [main] DEBUG - Save part 'xl/charts/chart6.xml'
18:36:03.468 [main] DEBUG - Save part 'xl/charts/chart7.xml'
18:36:03.468 [main] DEBUG - Save part 'xl/charts/chart8.xml'
18:36:03.469 [main] DEBUG - Save part 'xl/charts/chart9.xml'
18:36:03.469 [main] DEBUG - Save part 'xl/charts/chart10.xml'
18:36:03.469 [main] DEBUG - Save part 'xl/charts/chart11.xml'
18:36:03.471 [main] DEBUG - Save part 'xl/charts/chart12.xml'
18:36:03.471 [main] DEBUG - Save part 'xl/charts/chart13.xml'
18:36:03.471 [main] DEBUG - Save part 'xl/drawings/drawing1.xml'
18:36:03.473 [main] DEBUG - Save part 'xl/drawings/drawing2.xml'
18:36:03.473 [main] DEBUG - Save part 'xl/drawings/drawing3.xml'
18:36:03.473 [main] DEBUG - Save part 'xl/drawings/drawing4.xml'
18:36:03.474 [main] DEBUG - Save part 'xl/drawings/drawing5.xml'
18:36:03.475 [main] DEBUG - Save part 'xl/drawings/drawing6.xml'
18:36:03.475 [main] DEBUG - Save part 'xl/drawings/drawing7.xml'
18:36:03.476 [main] DEBUG - Save part 'xl/drawings/drawing8.xml'
18:36:03.478 [main] DEBUG - Save part 'xl/drawings/drawing9.xml'
18:36:03.478 [main] DEBUG - Save part 'xl/printerSettings/printerSettings1.bin'
18:36:03.478 [main] DEBUG - Save part 'xl/printerSettings/printerSettings2.bin'
18:36:03.478 [main] DEBUG - Save part 'xl/printerSettings/printerSettings3.bin'
18:36:03.479 [main] DEBUG - Save part 'xl/printerSettings/printerSettings4.bin'
18:36:03.479 [main] DEBUG - Save part 'xl/printerSettings/printerSettings5.bin'
18:36:03.479 [main] DEBUG - Save part 'xl/printerSettings/printerSettings8.bin'
18:36:03.479 [main] DEBUG - Save part 'xl/sharedStrings.xml'
18:36:03.479 [main] DEBUG - Save part 'xl/styles.xml'
18:36:03.480 [main] DEBUG - Save part 'xl/theme/theme1.xml'
18:36:03.480 [main] DEBUG - Save part 'xl/workbook.xml'
18:36:03.481 [main] DEBUG - Save part 'xl/worksheets/sheet1.xml'
18:36:03.482 [main] DEBUG - Save part 'xl/worksheets/sheet2.xml'
18:36:03.483 [main] DEBUG - Save part 'xl/worksheets/sheet3.xml'
18:36:03.484 [main] DEBUG - Save part 'xl/worksheets/sheet4.xml'
18:36:03.485 [main] DEBUG - Save part 'xl/worksheets/sheet5.xml'
18:36:03.486 [main] DEBUG - Save part 'xl/worksheets/sheet8.xml'
18:41:13.992 [main] DEBUG - Parsing relationship: /xl/charts/_rels/chart4.xml.rels
18:41:13.998 [main] DEBUG - Parsing relationship: /xl/charts/_rels/chart5.xml.rels
18:41:13.998 [main] DEBUG - Parsing relationship: /xl/charts/_rels/chart6.xml.rels
18:41:13.999 [main] DEBUG - Parsing relationship: /xl/charts/_rels/chart8.xml.rels
18:41:14.000 [main] DEBUG - Parsing relationship: /xl/charts/_rels/chart11.xml.rels
18:41:14.001 [main] DEBUG - Parsing relationship: /xl/drawings/_rels/drawing1.xml.rels
18:41:14.002 [main] DEBUG - Parsing relationship: /xl/drawings/_rels/drawing5.xml.rels
18:41:14.004 [main] DEBUG - Parsing relationship: /xl/drawings/_rels/drawing7.xml.rels
18:41:14.005 [main] DEBUG - Parsing relationship: /xl/drawings/_rels/drawing8.xml.rels
18:41:14.006 [main] DEBUG - Parsing relationship: /xl/drawings/_rels/drawing10.xml.rels
18:41:14.006 [main] DEBUG - Parsing relationship: /xl/drawings/_rels/drawing11.xml.rels
18:41:14.007 [main] DEBUG - Parsing relationship: /xl/_rels/workbook.xml.rels
18:41:14.009 [main] DEBUG - Parsing relationship: /xl/worksheets/_rels/sheet1.xml.rels
18:41:14.009 [main] DEBUG - Parsing relationship: /xl/worksheets/_rels/sheet2.xml.rels
18:41:14.010 [main] DEBUG - Parsing relationship: /xl/worksheets/_rels/sheet3.xml.rels
18:41:14.011 [main] DEBUG - Parsing relationship: /xl/worksheets/_rels/sheet4.xml.rels
18:41:14.012 [main] DEBUG - Parsing relationship: /xl/worksheets/_rels/sheet5.xml.rels
18:41:14.012 [main] DEBUG - Parsing relationship: /xl/worksheets/_rels/sheet6.xml.rels
18:41:14.013 [main] DEBUG - Parsing relationship: /xl/worksheets/_rels/sheet7.xml.rels
18:41:14.014 [main] DEBUG - Parsing relationship: /xl/worksheets/_rels/sheet8.xml.rels
18:41:14.015 [main] DEBUG - Parsing relationship: /_rels/.rels
18:41:14.142 [main] TRACE - Loading type system org.apache.poi.schemas.ooxml.system.ooxml
18:41:14.145 [main] TRACE - Loading type system org.apache.xmlbeans.metadata.system.sXMLCONFIG
18:41:14.146 [main] TRACE - Loading type system org.apache.xmlbeans.metadata.system.sXMLLANG
18:41:14.146 [main] TRACE - Loading type system org.apache.xmlbeans.metadata.system.sXMLSCHEMA
18:41:14.147 [main] TRACE - Loading type system org.apache.xmlbeans.metadata.system.sXMLTOOLS
18:41:14.148 [main] TRACE - Reading unresolved handles for type system org.apache.xmlbeans.metadata.system.sXMLTOOLS
18:41:14.157 [main] TRACE - Finished loading type system org.apache.xmlbeans.metadata.system.sXMLTOOLS
18:41:14.158 [main] TRACE - Reading unresolved handles for type system org.apache.xmlbeans.metadata.system.sXMLSCHEMA
18:41:14.164 [main] TRACE - Finished loading type system org.apache.xmlbeans.metadata.system.sXMLSCHEMA
18:41:14.165 [main] TRACE - Reading unresolved handles for type system org.apache.xmlbeans.metadata.system.sXMLLANG
18:41:14.166 [main] TRACE - Finished loading type system org.apache.xmlbeans.metadata.system.sXMLLANG
18:41:14.167 [main] TRACE - Reading unresolved handles for type system org.apache.xmlbeans.metadata.system.sXMLCONFIG
18:41:14.168 [main] TRACE - Finished loading type system org.apache.xmlbeans.metadata.system.sXMLCONFIG
18:41:14.168 [main] TRACE - Reading unresolved handles for type system org.apache.poi.schemas.ooxml.system.ooxml
18:41:14.214 [main] TRACE - Finished loading type system org.apache.poi.schemas.ooxml.system.ooxml
18:41:14.215 [main] TRACE - Resolving type for handle stylesheet5d8bdoctype
18:41:14.248 [main] TRACE - Resolving type for handle ctstylesheet4257type
18:41:14.251 [main] TRACE - Resolving type for handle ctcolors6579type
18:41:14.252 [main] TRACE - Resolving type for handle ctfonts6623type
18:41:14.254 [main] TRACE - Resolving type for handle ctfont14d8type
18:41:14.258 [main] TRACE - Resolving type for handle ctfills2c6ftype
18:41:14.259 [main] TRACE - Resolving type for handle ctfill550ctype
18:41:14.261 [main] TRACE - Resolving type for handle ctborders0d66type
18:41:14.262 [main] TRACE - Resolving type for handle ctborderf935type
18:41:14.264 [main] TRACE - Resolving type for handle ctcellxfs1322type
18:41:14.265 [main] TRACE - Resolving type for handle ctxf97f7type
18:41:14.267 [main] TRACE - Resolving type for handle ctcellstylexfsa81ftype
18:41:14.268 [main] TRACE - Resolving type for handle ctdxfsb26atype
18:41:14.270 [main] TRACE - Resolving type for handle cttablestyles872ftype
18:41:14.272 [main] TRACE - Resolving type for handle sstf81fdoctype
18:41:14.277 [main] TRACE - Resolving type for handle ctsst44f3type
18:41:14.284 [main] TRACE - Resolving type for handle ctrsta472type
18:41:14.311 [main] TRACE - Resolving type for handle themefd26doctype
18:41:14.318 [main] DEBUG - using default POIXMLDocumentPart for http://schemas.openxmlformats.org/officeDocument/2006/relationships/printerSettings
18:41:14.319 [main] TRACE - Resolving type for handle ctdrawing2748type
18:41:14.330 [main] TRACE - Resolving type for handle chartspace36e0doctype
18:41:14.335 [main] TRACE - Resolving type for handle ctchartspacef9b4type
18:41:14.351 [main] DEBUG - using default POIXMLDocumentPart for http://schemas.openxmlformats.org/officeDocument/2006/relationships/chartUserShapes
18:41:14.351 [main] DEBUG - using default POIXMLDocumentPart for http://schemas.openxmlformats.org/officeDocument/2006/relationships/chartUserShapes
18:41:14.351 [main] DEBUG - using default POIXMLDocumentPart for http://schemas.openxmlformats.org/officeDocument/2006/relationships/chartUserShapes
18:41:14.351 [main] DEBUG - using default POIXMLDocumentPart for http://schemas.openxmlformats.org/officeDocument/2006/relationships/printerSettings
18:41:14.357 [main] DEBUG - using default POIXMLDocumentPart for http://schemas.openxmlformats.org/officeDocument/2006/relationships/chartUserShapes
18:41:14.357 [main] DEBUG - using default POIXMLDocumentPart for http://schemas.openxmlformats.org/officeDocument/2006/relationships/printerSettings
18:41:14.360 [main] DEBUG - using default POIXMLDocumentPart for http://schemas.openxmlformats.org/officeDocument/2006/relationships/printerSettings
18:41:14.366 [main] DEBUG - using default POIXMLDocumentPart for http://schemas.openxmlformats.org/officeDocument/2006/relationships/chartUserShapes
18:41:14.367 [main] DEBUG - using default POIXMLDocumentPart for http://schemas.openxmlformats.org/officeDocument/2006/relationships/printerSettings
18:41:14.367 [main] DEBUG - using default POIXMLDocumentPart for http://schemas.openxmlformats.org/officeDocument/2006/relationships/printerSettings
18:41:14.371 [main] DEBUG - using default POIXMLDocumentPart for http://schemas.openxmlformats.org/officeDocument/2006/relationships/printerSettings
18:41:14.375 [main] DEBUG - using default POIXMLDocumentPart for http://schemas.openxmlformats.org/officeDocument/2006/relationships/printerSettings
18:41:14.376 [main] TRACE - Resolving type for handle workbookec17doctype
18:41:14.379 [main] TRACE - Resolving type for handle ctworkbook83c3type
18:41:14.388 [main] TRACE - Resolving type for handle ctsheets49fdtype
18:41:14.390 [main] TRACE - Resolving type for handle ctsheet4dbetype
18:41:14.393 [main] TRACE - Resolving type for handle strelationshipid1e94type
18:41:14.395 [main] TRACE - Resolving type for handle worksheetf539doctype
18:41:14.397 [main] TRACE - Resolving type for handle ctworksheet530dtype
18:41:14.404 [main] TRACE - Resolving type for handle ctcols627ctype
18:41:14.407 [main] TRACE - Resolving type for handle ctcola95ftype
18:41:14.420 [main] TRACE - Resolving type for handle ctsheetdata8408type
18:41:14.421 [main] TRACE - Resolving type for handle ctrowdd39type
18:41:14.424 [main] TRACE - Resolving type for handle ctcell842btype
18:41:14.429 [main] TRACE - Resolving type for handle stcellrefe4e0type
18:41:14.462 [main] TRACE - Resolving type for handle ctdefinednamesce48type
18:41:14.464 [main] TRACE - Resolving type for handle ctdefinedname9413type
18:41:14.470 [main] TRACE - Resolving type for handle stxstringf179type
18:41:14.474 [main] TRACE - Resolving type for handle stsheetstate158btype
18:41:14.489 [main] TRACE - Resolving type for handle stcelltypebf95type
18:41:14.497 [main] TRACE - Resolving type for handle ctdrawing44fdtype
18:41:14.501 [main] TRACE - Resolving type for handle cttwocellanchor1e8dtype
18:41:14.506 [main] TRACE - Resolving type for handle ctmarkeree8etype
18:41:14.508 [main] TRACE - Resolving type for handle strowidf4cftype
18:41:14.518 [main] TRACE - Resolving type for handle ctmergecells1242type
18:41:14.520 [main] TRACE - Resolving type for handle ctmergecelle8d9type
18:41:14.521 [main] TRACE - Resolving type for handle stref90a2type
18:41:14.537 [main] TRACE - Resolving type for handle stnumfmtid76fbtype
18:41:14.538 [main] TRACE - Resolving type for handle stfontid9d63type
18:41:14.538 [main] TRACE - Resolving type for handle stfillida097type
18:41:14.539 [main] TRACE - Resolving type for handle stborderid1a80type
18:41:14.540 [main] TRACE - Resolving type for handle stcellstylexfid70c7type
18:41:14.542 [main] TRACE - Resolving type for handle ctcellalignmentb580type
18:41:14.545 [main] TRACE - Resolving type for handle stverticalalignmentd35ctype
18:41:14.546 [main] TRACE - Resolving type for handle ctborderpre497type
18:41:14.548 [main] TRACE - Resolving type for handle stborderstylec774type
18:41:14.549 [main] TRACE - Resolving type for handle ctcolord2c2type
18:41:14.554 [main] TRACE - Resolving type for handle sthorizontalalignmentf92etype
18:41:14.557 [main] TRACE - Resolving type for handle ctchartc108type
18:41:14.560 [main] TRACE - Resolving type for handle cttitleb54etype
18:41:14.587 [main] TRACE - Resolving type for handle cttx9678type
18:41:14.588 [main] TRACE - Resolving type for handle cttextbodya3catype
18:41:14.590 [main] TRACE - Resolving type for handle cttextparagraphcaf2type
18:41:14.591 [main] TRACE - Resolving type for handle ctregulartextrun7e3dtype
18:41:14.598 [main] TRACE - Resolving type for handle ctplotarea106etype
18:41:14.604 [main] TRACE - Resolving type for handle ctcatax7159type
18:41:14.608 [main] TRACE - Resolving type for handle ctunsignedinte8ectype
18:41:14.609 [main] TRACE - Resolving type for handle ctvalaxd06etype
18:41:14.610 [main] TRACE - Resolving type for handle ctbarchart4151type
18:41:14.613 [main] TRACE - Resolving type for handle ctbardir5f42type
18:41:14.615 [main] TRACE - Resolving type for handle ctbarser960ftype
18:41:14.617 [main] TRACE - Resolving type for handle ctaxdatasource1440type
18:41:14.618 [main] TRACE - Resolving type for handle ctnumdatasourcef0bbtype
18:41:14.621 [main] TRACE - Resolving type for handle ctstrref5d1atype
18:41:14.623 [main] TRACE - Resolving type for handle ctstrdatad58btype
18:41:14.624 [main] TRACE - Resolving type for handle ctnumref062ftype
18:41:14.626 [main] TRACE - Resolving type for handle ctnumdata4f16type
18:41:14.636 [main] TRACE - Resolving type for handle ctworkbookpr03a5type
18:41:14.640 [main] TRACE - Resolving type for handle ctbookviewsb864type
18:41:14.641 [main] TRACE - Resolving type for handle ctbookviewf677type
18:41:14.646 [main] TRACE - Resolving type for handle propertiesee84doctype
18:41:14.647 [main] TRACE - Resolving type for handle ctproperties3f10type
18:41:14.650 [main] TRACE - Resolving type for handle properties288cdoctype
18:41:14.650 [main] TRACE - Resolving type for handle ctproperties2c18type
18:41:14.653 [main] TRACE - Resolving type for handle ctfontsizeb3b9type
18:41:14.655 [main] TRACE - Resolving type for handle ctfontname2dc3type
18:41:14.657 [main] TRACE - Resolving type for handle ctfontfamily685ctype
18:41:14.659 [main] TRACE - Resolving type for handle stfontfamily9c6ctype
18:41:14.660 [main] TRACE - Resolving type for handle ctfontschemebf5dtype
18:41:14.662 [main] TRACE - Resolving type for handle stfontschemef36dtype
18:41:14.664 [main] TRACE - Resolving type for handle ctpatternfill7452type
18:41:14.666 [main] TRACE - Resolving type for handle stpatterntype7939type
18:41:14.668 [main] TRACE - Resolving type for handle ctsheetformatprdef7type
18:41:14.670 [main] TRACE - Resolving type for handle ctsheetviewsb918type
18:41:14.671 [main] TRACE - Resolving type for handle ctsheetview0f43type
18:41:14.674 [main] TRACE - Resolving type for handle ctsheetdimensiond310type
18:41:14.674 [main] TRACE - Resolving type for handle ctpagemargins5455type
18:41:14.676 [main] TRACE - Resolving type for handle ctstrval86cctype
18:41:14.678 [main] TRACE - Resolving type for handle ctnumval2fe1type
18:41:14.683 [main] TRACE - Resolving type for handle ctbooleanproperty1f3ctype
18:41:14.686 [main] TRACE - Resolving type for handle stunsignedinthex27datype
18:41:14.707 [main] TRACE - Resolving type for handle ctsheetprotection22f7type
18:41:14.720 [main] TRACE - Resolving type for handle ctpaneaab1type
18:41:14.722 [main] TRACE - Resolving type for handle stpane2ac1type
18:41:14.723 [main] TRACE - Resolving type for handle stpanestateae58type
18:41:14.725 [main] TRACE - Resolving type for handle ctselectionca2btype
18:41:14.751 [main] TRACE - Resolving type for handle ctworkbookprotection56bctype
18:41:14.776 [main] TRACE - Resolving type for handle ctnumfmtsb58btype
18:41:14.811 [main] DEBUG - Save content types part
18:41:14.922 [main] DEBUG - Save package relationships
18:41:14.928 [main] DEBUG - Save part 'docProps/app.xml'
18:41:14.928 [main] DEBUG - Save part 'docProps/core.xml'
18:41:14.930 [main] DEBUG - Save part 'xl/charts/chart1.xml'
18:41:14.931 [main] DEBUG - Save part 'xl/charts/chart2.xml'
18:41:14.931 [main] DEBUG - Save part 'xl/charts/chart3.xml'
18:41:14.931 [main] DEBUG - Save part 'xl/charts/chart4.xml'
18:41:14.933 [main] DEBUG - Save part 'xl/charts/chart5.xml'
18:41:14.934 [main] DEBUG - Save part 'xl/charts/chart6.xml'
18:41:14.935 [main] DEBUG - Save part 'xl/charts/chart7.xml'
18:41:14.936 [main] DEBUG - Save part 'xl/charts/chart8.xml'
18:41:14.937 [main] DEBUG - Save part 'xl/charts/chart9.xml'
18:41:14.938 [main] DEBUG - Save part 'xl/charts/chart10.xml'
18:41:14.938 [main] DEBUG - Save part 'xl/charts/chart11.xml'
18:41:14.939 [main] DEBUG - Save part 'xl/charts/chart12.xml'
18:41:14.939 [main] DEBUG - Save part 'xl/charts/chart13.xml'
18:41:14.939 [main] DEBUG - Save part 'xl/drawings/drawing1.xml'
18:41:14.941 [main] DEBUG - Save part 'xl/drawings/drawing2.xml'
18:41:14.941 [main] DEBUG - Save part 'xl/drawings/drawing3.xml'
18:41:14.941 [main] DEBUG - Save part 'xl/drawings/drawing4.xml'
18:41:14.941 [main] DEBUG - Save part 'xl/drawings/drawing5.xml'
18:41:14.942 [main] DEBUG - Save part 'xl/drawings/drawing6.xml'
18:41:14.943 [main] DEBUG - Save part 'xl/drawings/drawing7.xml'
18:41:14.944 [main] DEBUG - Save part 'xl/drawings/drawing8.xml'
18:41:14.945 [main] DEBUG - Save part 'xl/drawings/drawing9.xml'
18:41:14.946 [main] DEBUG - Save part 'xl/printerSettings/printerSettings1.bin'
18:41:14.946 [main] DEBUG - Save part 'xl/printerSettings/printerSettings2.bin'
18:41:14.946 [main] DEBUG - Save part 'xl/printerSettings/printerSettings3.bin'
18:41:14.946 [main] DEBUG - Save part 'xl/printerSettings/printerSettings4.bin'
18:41:14.946 [main] DEBUG - Save part 'xl/printerSettings/printerSettings5.bin'
18:41:14.947 [main] DEBUG - Save part 'xl/printerSettings/printerSettings8.bin'
18:41:14.947 [main] DEBUG - Save part 'xl/sharedStrings.xml'
18:41:14.947 [main] DEBUG - Save part 'xl/styles.xml'
18:41:14.947 [main] DEBUG - Save part 'xl/theme/theme1.xml'
18:41:14.948 [main] DEBUG - Save part 'xl/workbook.xml'
18:41:14.949 [main] DEBUG - Save part 'xl/worksheets/sheet1.xml'
18:41:14.950 [main] DEBUG - Save part 'xl/worksheets/sheet2.xml'
18:41:14.951 [main] DEBUG - Save part 'xl/worksheets/sheet3.xml'
18:41:14.952 [main] DEBUG - Save part 'xl/worksheets/sheet4.xml'
18:41:14.953 [main] DEBUG - Save part 'xl/worksheets/sheet5.xml'
18:41:14.954 [main] DEBUG - Save part 'xl/worksheets/sheet8.xml'
18:42:56.907 [main] DEBUG - Parsing relationship: /xl/charts/_rels/chart4.xml.rels
18:42:56.911 [main] DEBUG - Parsing relationship: /xl/charts/_rels/chart5.xml.rels
18:42:56.912 [main] DEBUG - Parsing relationship: /xl/charts/_rels/chart6.xml.rels
18:42:56.913 [main] DEBUG - Parsing relationship: /xl/charts/_rels/chart8.xml.rels
18:42:56.914 [main] DEBUG - Parsing relationship: /xl/charts/_rels/chart11.xml.rels
18:42:56.914 [main] DEBUG - Parsing relationship: /xl/drawings/_rels/drawing1.xml.rels
18:42:56.915 [main] DEBUG - Parsing relationship: /xl/drawings/_rels/drawing5.xml.rels
18:42:56.916 [main] DEBUG - Parsing relationship: /xl/drawings/_rels/drawing7.xml.rels
18:42:56.916 [main] DEBUG - Parsing relationship: /xl/drawings/_rels/drawing8.xml.rels
18:42:56.917 [main] DEBUG - Parsing relationship: /xl/drawings/_rels/drawing10.xml.rels
18:42:56.918 [main] DEBUG - Parsing relationship: /xl/drawings/_rels/drawing11.xml.rels
18:42:56.919 [main] DEBUG - Parsing relationship: /xl/_rels/workbook.xml.rels
18:42:56.920 [main] DEBUG - Parsing relationship: /xl/worksheets/_rels/sheet1.xml.rels
18:42:56.920 [main] DEBUG - Parsing relationship: /xl/worksheets/_rels/sheet2.xml.rels
18:42:56.921 [main] DEBUG - Parsing relationship: /xl/worksheets/_rels/sheet3.xml.rels
18:42:56.921 [main] DEBUG - Parsing relationship: /xl/worksheets/_rels/sheet4.xml.rels
18:42:56.923 [main] DEBUG - Parsing relationship: /xl/worksheets/_rels/sheet5.xml.rels
18:42:56.923 [main] DEBUG - Parsing relationship: /xl/worksheets/_rels/sheet6.xml.rels
18:42:56.924 [main] DEBUG - Parsing relationship: /xl/worksheets/_rels/sheet7.xml.rels
18:42:56.924 [main] DEBUG - Parsing relationship: /xl/worksheets/_rels/sheet8.xml.rels
18:42:56.924 [main] DEBUG - Parsing relationship: /_rels/.rels
18:42:57.020 [main] TRACE - Loading type system org.apache.poi.schemas.ooxml.system.ooxml
18:42:57.022 [main] TRACE - Loading type system org.apache.xmlbeans.metadata.system.sXMLCONFIG
18:42:57.024 [main] TRACE - Loading type system org.apache.xmlbeans.metadata.system.sXMLLANG
18:42:57.024 [main] TRACE - Loading type system org.apache.xmlbeans.metadata.system.sXMLSCHEMA
18:42:57.024 [main] TRACE - Loading type system org.apache.xmlbeans.metadata.system.sXMLTOOLS
18:42:57.025 [main] TRACE - Reading unresolved handles for type system org.apache.xmlbeans.metadata.system.sXMLTOOLS
18:42:57.034 [main] TRACE - Finished loading type system org.apache.xmlbeans.metadata.system.sXMLTOOLS
18:42:57.035 [main] TRACE - Reading unresolved handles for type system org.apache.xmlbeans.metadata.system.sXMLSCHEMA
18:42:57.041 [main] TRACE - Finished loading type system org.apache.xmlbeans.metadata.system.sXMLSCHEMA
18:42:57.043 [main] TRACE - Reading unresolved handles for type system org.apache.xmlbeans.metadata.system.sXMLLANG
18:42:57.043 [main] TRACE - Finished loading type system org.apache.xmlbeans.metadata.system.sXMLLANG
18:42:57.045 [main] TRACE - Reading unresolved handles for type system org.apache.xmlbeans.metadata.system.sXMLCONFIG
18:42:57.046 [main] TRACE - Finished loading type system org.apache.xmlbeans.metadata.system.sXMLCONFIG
18:42:57.047 [main] TRACE - Reading unresolved handles for type system org.apache.poi.schemas.ooxml.system.ooxml
18:42:57.087 [main] TRACE - Finished loading type system org.apache.poi.schemas.ooxml.system.ooxml
18:42:57.088 [main] TRACE - Resolving type for handle stylesheet5d8bdoctype
18:42:57.122 [main] TRACE - Resolving type for handle ctstylesheet4257type
18:42:57.124 [main] TRACE - Resolving type for handle ctcolors6579type
18:42:57.126 [main] TRACE - Resolving type for handle ctfonts6623type
18:42:57.127 [main] TRACE - Resolving type for handle ctfont14d8type
18:42:57.131 [main] TRACE - Resolving type for handle ctfills2c6ftype
18:42:57.132 [main] TRACE - Resolving type for handle ctfill550ctype
18:42:57.133 [main] TRACE - Resolving type for handle ctborders0d66type
18:42:57.134 [main] TRACE - Resolving type for handle ctborderf935type
18:42:57.136 [main] TRACE - Resolving type for handle ctcellxfs1322type
18:42:57.138 [main] TRACE - Resolving type for handle ctxf97f7type
18:42:57.139 [main] TRACE - Resolving type for handle ctcellstylexfsa81ftype
18:42:57.140 [main] TRACE - Resolving type for handle ctdxfsb26atype
18:42:57.142 [main] TRACE - Resolving type for handle cttablestyles872ftype
18:42:57.144 [main] TRACE - Resolving type for handle sstf81fdoctype
18:42:57.150 [main] TRACE - Resolving type for handle ctsst44f3type
18:42:57.157 [main] TRACE - Resolving type for handle ctrsta472type
18:42:57.191 [main] TRACE - Resolving type for handle themefd26doctype
18:42:57.200 [main] DEBUG - using default POIXMLDocumentPart for http://schemas.openxmlformats.org/officeDocument/2006/relationships/printerSettings
18:42:57.203 [main] TRACE - Resolving type for handle ctdrawing2748type
18:42:57.216 [main] TRACE - Resolving type for handle chartspace36e0doctype
18:42:57.223 [main] TRACE - Resolving type for handle ctchartspacef9b4type
18:42:57.239 [main] DEBUG - using default POIXMLDocumentPart for http://schemas.openxmlformats.org/officeDocument/2006/relationships/chartUserShapes
18:42:57.240 [main] DEBUG - using default POIXMLDocumentPart for http://schemas.openxmlformats.org/officeDocument/2006/relationships/chartUserShapes
18:42:57.240 [main] DEBUG - using default POIXMLDocumentPart for http://schemas.openxmlformats.org/officeDocument/2006/relationships/chartUserShapes
18:42:57.240 [main] DEBUG - using default POIXMLDocumentPart for http://schemas.openxmlformats.org/officeDocument/2006/relationships/printerSettings
18:42:57.246 [main] DEBUG - using default POIXMLDocumentPart for http://schemas.openxmlformats.org/officeDocument/2006/relationships/chartUserShapes
18:42:57.246 [main] DEBUG - using default POIXMLDocumentPart for http://schemas.openxmlformats.org/officeDocument/2006/relationships/printerSettings
18:42:57.249 [main] DEBUG - using default POIXMLDocumentPart for http://schemas.openxmlformats.org/officeDocument/2006/relationships/printerSettings
18:42:57.256 [main] DEBUG - using default POIXMLDocumentPart for http://schemas.openxmlformats.org/officeDocument/2006/relationships/chartUserShapes
18:42:57.256 [main] DEBUG - using default POIXMLDocumentPart for http://schemas.openxmlformats.org/officeDocument/2006/relationships/printerSettings
18:42:57.256 [main] DEBUG - using default POIXMLDocumentPart for http://schemas.openxmlformats.org/officeDocument/2006/relationships/printerSettings
18:42:57.261 [main] DEBUG - using default POIXMLDocumentPart for http://schemas.openxmlformats.org/officeDocument/2006/relationships/printerSettings
18:42:57.264 [main] DEBUG - using default POIXMLDocumentPart for http://schemas.openxmlformats.org/officeDocument/2006/relationships/printerSettings
18:42:57.266 [main] TRACE - Resolving type for handle workbookec17doctype
18:42:57.270 [main] TRACE - Resolving type for handle ctworkbook83c3type
18:42:57.279 [main] TRACE - Resolving type for handle ctsheets49fdtype
18:42:57.281 [main] TRACE - Resolving type for handle ctsheet4dbetype
18:42:57.286 [main] TRACE - Resolving type for handle strelationshipid1e94type
18:42:57.288 [main] TRACE - Resolving type for handle worksheetf539doctype
18:42:57.290 [main] TRACE - Resolving type for handle ctworksheet530dtype
18:42:57.296 [main] TRACE - Resolving type for handle ctcols627ctype
18:42:57.299 [main] TRACE - Resolving type for handle ctcola95ftype
18:42:57.311 [main] TRACE - Resolving type for handle ctsheetdata8408type
18:42:57.313 [main] TRACE - Resolving type for handle ctrowdd39type
18:42:57.316 [main] TRACE - Resolving type for handle ctcell842btype
18:42:57.320 [main] TRACE - Resolving type for handle stcellrefe4e0type
18:42:57.353 [main] TRACE - Resolving type for handle ctdefinednamesce48type
18:42:57.356 [main] TRACE - Resolving type for handle ctdefinedname9413type
18:42:57.358 [main] TRACE - Resolving type for handle stxstringf179type
18:42:57.367 [main] TRACE - Resolving type for handle stsheetstate158btype
18:42:57.388 [main] TRACE - Resolving type for handle stcelltypebf95type
18:42:57.396 [main] TRACE - Resolving type for handle ctdrawing44fdtype
18:42:57.399 [main] TRACE - Resolving type for handle cttwocellanchor1e8dtype
18:42:57.404 [main] TRACE - Resolving type for handle ctmarkeree8etype
18:42:57.406 [main] TRACE - Resolving type for handle strowidf4cftype
18:42:57.420 [main] TRACE - Resolving type for handle ctmergecells1242type
18:42:57.422 [main] TRACE - Resolving type for handle ctmergecelle8d9type
18:42:57.423 [main] TRACE - Resolving type for handle stref90a2type
18:42:57.442 [main] TRACE - Resolving type for handle stnumfmtid76fbtype
18:42:57.443 [main] TRACE - Resolving type for handle stfontid9d63type
18:42:57.444 [main] TRACE - Resolving type for handle stfillida097type
18:42:57.445 [main] TRACE - Resolving type for handle stborderid1a80type
18:42:57.445 [main] TRACE - Resolving type for handle stcellstylexfid70c7type
18:42:57.448 [main] TRACE - Resolving type for handle ctcellalignmentb580type
18:42:57.449 [main] TRACE - Resolving type for handle stverticalalignmentd35ctype
18:42:57.450 [main] TRACE - Resolving type for handle ctborderpre497type
18:42:57.451 [main] TRACE - Resolving type for handle stborderstylec774type
18:42:57.453 [main] TRACE - Resolving type for handle ctcolord2c2type
18:42:57.458 [main] TRACE - Resolving type for handle sthorizontalalignmentf92etype
18:42:57.461 [main] TRACE - Resolving type for handle ctchartc108type
18:42:57.463 [main] TRACE - Resolving type for handle cttitleb54etype
18:42:57.489 [main] TRACE - Resolving type for handle cttx9678type
18:42:57.490 [main] TRACE - Resolving type for handle cttextbodya3catype
18:42:57.492 [main] TRACE - Resolving type for handle cttextparagraphcaf2type
18:42:57.493 [main] TRACE - Resolving type for handle ctregulartextrun7e3dtype
18:42:57.502 [main] TRACE - Resolving type for handle ctplotarea106etype
18:42:57.506 [main] TRACE - Resolving type for handle ctcatax7159type
18:42:57.508 [main] TRACE - Resolving type for handle ctunsignedinte8ectype
18:42:57.510 [main] TRACE - Resolving type for handle ctvalaxd06etype
18:42:57.512 [main] TRACE - Resolving type for handle ctbarchart4151type
18:42:57.514 [main] TRACE - Resolving type for handle ctbardir5f42type
18:42:57.516 [main] TRACE - Resolving type for handle ctbarser960ftype
18:42:57.518 [main] TRACE - Resolving type for handle ctaxdatasource1440type
18:42:57.519 [main] TRACE - Resolving type for handle ctnumdatasourcef0bbtype
18:42:57.521 [main] TRACE - Resolving type for handle ctstrref5d1atype
18:42:57.522 [main] TRACE - Resolving type for handle ctstrdatad58btype
18:42:57.523 [main] TRACE - Resolving type for handle ctnumref062ftype
18:42:57.524 [main] TRACE - Resolving type for handle ctnumdata4f16type
18:42:57.534 [main] TRACE - Resolving type for handle ctworkbookpr03a5type
18:42:57.537 [main] TRACE - Resolving type for handle ctbookviewsb864type
18:42:57.539 [main] TRACE - Resolving type for handle ctbookviewf677type
18:42:57.541 [main] TRACE - Resolving type for handle propertiesee84doctype
18:42:57.542 [main] TRACE - Resolving type for handle ctproperties3f10type
18:42:57.545 [main] TRACE - Resolving type for handle properties288cdoctype
18:42:57.546 [main] TRACE - Resolving type for handle ctproperties2c18type
18:42:57.550 [main] TRACE - Resolving type for handle ctfontsizeb3b9type
18:42:57.551 [main] TRACE - Resolving type for handle ctfontname2dc3type
18:42:57.553 [main] TRACE - Resolving type for handle ctfontfamily685ctype
18:42:57.553 [main] TRACE - Resolving type for handle stfontfamily9c6ctype
18:42:57.554 [main] TRACE - Resolving type for handle ctfontschemebf5dtype
18:42:57.555 [main] TRACE - Resolving type for handle stfontschemef36dtype
18:42:57.556 [main] TRACE - Resolving type for handle ctpatternfill7452type
18:42:57.558 [main] TRACE - Resolving type for handle stpatterntype7939type
18:42:57.560 [main] TRACE - Resolving type for handle ctsheetformatprdef7type
18:42:57.561 [main] TRACE - Resolving type for handle ctsheetviewsb918type
18:42:57.562 [main] TRACE - Resolving type for handle ctsheetview0f43type
18:42:57.564 [main] TRACE - Resolving type for handle ctsheetdimensiond310type
18:42:57.565 [main] TRACE - Resolving type for handle ctpagemargins5455type
18:42:57.567 [main] TRACE - Resolving type for handle ctstrval86cctype
18:42:57.569 [main] TRACE - Resolving type for handle ctnumval2fe1type
18:42:57.573 [main] TRACE - Resolving type for handle ctbooleanproperty1f3ctype
18:42:57.577 [main] TRACE - Resolving type for handle stunsignedinthex27datype
18:42:57.597 [main] TRACE - Resolving type for handle ctsheetprotection22f7type
18:42:57.611 [main] TRACE - Resolving type for handle ctpaneaab1type
18:42:57.615 [main] TRACE - Resolving type for handle stpane2ac1type
18:42:57.615 [main] TRACE - Resolving type for handle stpanestateae58type
18:42:57.617 [main] TRACE - Resolving type for handle ctselectionca2btype
18:42:57.641 [main] TRACE - Resolving type for handle ctworkbookprotection56bctype
18:42:57.668 [main] TRACE - Resolving type for handle ctnumfmtsb58btype
18:42:57.702 [main] DEBUG - Save content types part
18:42:57.844 [main] DEBUG - Save package relationships
18:42:57.849 [main] DEBUG - Save part 'docProps/app.xml'
18:42:57.850 [main] DEBUG - Save part 'docProps/core.xml'
18:42:57.852 [main] DEBUG - Save part 'xl/charts/chart1.xml'
18:42:57.853 [main] DEBUG - Save part 'xl/charts/chart2.xml'
18:42:57.853 [main] DEBUG - Save part 'xl/charts/chart3.xml'
18:42:57.853 [main] DEBUG - Save part 'xl/charts/chart4.xml'
18:42:57.855 [main] DEBUG - Save part 'xl/charts/chart5.xml'
18:42:57.856 [main] DEBUG - Save part 'xl/charts/chart6.xml'
18:42:57.857 [main] DEBUG - Save part 'xl/charts/chart7.xml'
18:42:57.858 [main] DEBUG - Save part 'xl/charts/chart8.xml'
18:42:57.859 [main] DEBUG - Save part 'xl/charts/chart9.xml'
18:42:57.859 [main] DEBUG - Save part 'xl/charts/chart10.xml'
18:42:57.859 [main] DEBUG - Save part 'xl/charts/chart11.xml'
18:42:57.860 [main] DEBUG - Save part 'xl/charts/chart12.xml'
18:42:57.861 [main] DEBUG - Save part 'xl/charts/chart13.xml'
18:42:57.861 [main] DEBUG - Save part 'xl/drawings/drawing1.xml'
18:42:57.863 [main] DEBUG - Save part 'xl/drawings/drawing2.xml'
18:42:57.863 [main] DEBUG - Save part 'xl/drawings/drawing3.xml'
18:42:57.863 [main] DEBUG - Save part 'xl/drawings/drawing4.xml'
18:42:57.863 [main] DEBUG - Save part 'xl/drawings/drawing5.xml'
18:42:57.865 [main] DEBUG - Save part 'xl/drawings/drawing6.xml'
18:42:57.865 [main] DEBUG - Save part 'xl/drawings/drawing7.xml'
18:42:57.866 [main] DEBUG - Save part 'xl/drawings/drawing8.xml'
18:42:57.867 [main] DEBUG - Save part 'xl/drawings/drawing9.xml'
18:42:57.867 [main] DEBUG - Save part 'xl/printerSettings/printerSettings1.bin'
18:42:57.868 [main] DEBUG - Save part 'xl/printerSettings/printerSettings2.bin'
18:42:57.868 [main] DEBUG - Save part 'xl/printerSettings/printerSettings3.bin'
18:42:57.868 [main] DEBUG - Save part 'xl/printerSettings/printerSettings4.bin'
18:42:57.868 [main] DEBUG - Save part 'xl/printerSettings/printerSettings5.bin'
18:42:57.868 [main] DEBUG - Save part 'xl/printerSettings/printerSettings8.bin'
18:42:57.868 [main] DEBUG - Save part 'xl/sharedStrings.xml'
18:42:57.869 [main] DEBUG - Save part 'xl/styles.xml'
18:42:57.869 [main] DEBUG - Save part 'xl/theme/theme1.xml'
18:42:57.869 [main] DEBUG - Save part 'xl/workbook.xml'
18:42:57.870 [main] DEBUG - Save part 'xl/worksheets/sheet1.xml'
18:42:57.871 [main] DEBUG - Save part 'xl/worksheets/sheet2.xml'
18:42:57.872 [main] DEBUG - Save part 'xl/worksheets/sheet3.xml'
18:42:57.873 [main] DEBUG - Save part 'xl/worksheets/sheet4.xml'
18:42:57.874 [main] DEBUG - Save part 'xl/worksheets/sheet5.xml'
18:42:57.874 [main] DEBUG - Save part 'xl/worksheets/sheet8.xml'
18:44:06.817 [main] DEBUG - Parsing relationship: /xl/charts/_rels/chart4.xml.rels
18:44:06.823 [main] DEBUG - Parsing relationship: /xl/charts/_rels/chart5.xml.rels
18:44:06.824 [main] DEBUG - Parsing relationship: /xl/charts/_rels/chart6.xml.rels
18:44:06.824 [main] DEBUG - Parsing relationship: /xl/charts/_rels/chart8.xml.rels
18:44:06.825 [main] DEBUG - Parsing relationship: /xl/charts/_rels/chart11.xml.rels
18:44:06.826 [main] DEBUG - Parsing relationship: /xl/drawings/_rels/drawing1.xml.rels
18:44:06.827 [main] DEBUG - Parsing relationship: /xl/drawings/_rels/drawing5.xml.rels
18:44:06.828 [main] DEBUG - Parsing relationship: /xl/drawings/_rels/drawing7.xml.rels
18:44:06.829 [main] DEBUG - Parsing relationship: /xl/drawings/_rels/drawing8.xml.rels
18:44:06.830 [main] DEBUG - Parsing relationship: /xl/drawings/_rels/drawing10.xml.rels
18:44:06.831 [main] DEBUG - Parsing relationship: /xl/drawings/_rels/drawing11.xml.rels
18:44:06.833 [main] DEBUG - Parsing relationship: /xl/_rels/workbook.xml.rels
18:44:06.834 [main] DEBUG - Parsing relationship: /xl/worksheets/_rels/sheet1.xml.rels
18:44:06.835 [main] DEBUG - Parsing relationship: /xl/worksheets/_rels/sheet2.xml.rels
18:44:06.835 [main] DEBUG - Parsing relationship: /xl/worksheets/_rels/sheet3.xml.rels
18:44:06.836 [main] DEBUG - Parsing relationship: /xl/worksheets/_rels/sheet4.xml.rels
18:44:06.837 [main] DEBUG - Parsing relationship: /xl/worksheets/_rels/sheet5.xml.rels
18:44:06.838 [main] DEBUG - Parsing relationship: /xl/worksheets/_rels/sheet6.xml.rels
18:44:06.839 [main] DEBUG - Parsing relationship: /xl/worksheets/_rels/sheet7.xml.rels
18:44:06.839 [main] DEBUG - Parsing relationship: /xl/worksheets/_rels/sheet8.xml.rels
18:44:06.840 [main] DEBUG - Parsing relationship: /_rels/.rels
18:44:06.944 [main] TRACE - Loading type system org.apache.poi.schemas.ooxml.system.ooxml
18:44:06.946 [main] TRACE - Loading type system org.apache.xmlbeans.metadata.system.sXMLCONFIG
18:44:06.947 [main] TRACE - Loading type system org.apache.xmlbeans.metadata.system.sXMLLANG
18:44:06.948 [main] TRACE - Loading type system org.apache.xmlbeans.metadata.system.sXMLSCHEMA
18:44:06.948 [main] TRACE - Loading type system org.apache.xmlbeans.metadata.system.sXMLTOOLS
18:44:06.949 [main] TRACE - Reading unresolved handles for type system org.apache.xmlbeans.metadata.system.sXMLTOOLS
18:44:06.960 [main] TRACE - Finished loading type system org.apache.xmlbeans.metadata.system.sXMLTOOLS
18:44:06.961 [main] TRACE - Reading unresolved handles for type system org.apache.xmlbeans.metadata.system.sXMLSCHEMA
18:44:06.968 [main] TRACE - Finished loading type system org.apache.xmlbeans.metadata.system.sXMLSCHEMA
18:44:06.969 [main] TRACE - Reading unresolved handles for type system org.apache.xmlbeans.metadata.system.sXMLLANG
18:44:06.970 [main] TRACE - Finished loading type system org.apache.xmlbeans.metadata.system.sXMLLANG
18:44:06.972 [main] TRACE - Reading unresolved handles for type system org.apache.xmlbeans.metadata.system.sXMLCONFIG
18:44:06.972 [main] TRACE - Finished loading type system org.apache.xmlbeans.metadata.system.sXMLCONFIG
18:44:06.973 [main] TRACE - Reading unresolved handles for type system org.apache.poi.schemas.ooxml.system.ooxml
18:44:07.017 [main] TRACE - Finished loading type system org.apache.poi.schemas.ooxml.system.ooxml
18:44:07.018 [main] TRACE - Resolving type for handle stylesheet5d8bdoctype
18:44:07.053 [main] TRACE - Resolving type for handle ctstylesheet4257type
18:44:07.055 [main] TRACE - Resolving type for handle ctcolors6579type
18:44:07.057 [main] TRACE - Resolving type for handle ctfonts6623type
18:44:07.058 [main] TRACE - Resolving type for handle ctfont14d8type
18:44:07.062 [main] TRACE - Resolving type for handle ctfills2c6ftype
18:44:07.063 [main] TRACE - Resolving type for handle ctfill550ctype
18:44:07.064 [main] TRACE - Resolving type for handle ctborders0d66type
18:44:07.065 [main] TRACE - Resolving type for handle ctborderf935type
18:44:07.067 [main] TRACE - Resolving type for handle ctcellxfs1322type
18:44:07.069 [main] TRACE - Resolving type for handle ctxf97f7type
18:44:07.071 [main] TRACE - Resolving type for handle ctcellstylexfsa81ftype
18:44:07.072 [main] TRACE - Resolving type for handle ctdxfsb26atype
18:44:07.073 [main] TRACE - Resolving type for handle cttablestyles872ftype
18:44:07.075 [main] TRACE - Resolving type for handle sstf81fdoctype
18:44:07.078 [main] TRACE - Resolving type for handle ctsst44f3type
18:44:07.082 [main] TRACE - Resolving type for handle ctrsta472type
18:44:07.103 [main] TRACE - Resolving type for handle themefd26doctype
18:44:07.108 [main] DEBUG - using default POIXMLDocumentPart for http://schemas.openxmlformats.org/officeDocument/2006/relationships/printerSettings
18:44:07.109 [main] TRACE - Resolving type for handle ctdrawing2748type
18:44:07.122 [main] TRACE - Resolving type for handle chartspace36e0doctype
18:44:07.130 [main] TRACE - Resolving type for handle ctchartspacef9b4type
18:44:07.152 [main] DEBUG - using default POIXMLDocumentPart for http://schemas.openxmlformats.org/officeDocument/2006/relationships/chartUserShapes
18:44:07.152 [main] DEBUG - using default POIXMLDocumentPart for http://schemas.openxmlformats.org/officeDocument/2006/relationships/chartUserShapes
18:44:07.152 [main] DEBUG - using default POIXMLDocumentPart for http://schemas.openxmlformats.org/officeDocument/2006/relationships/chartUserShapes
18:44:07.153 [main] DEBUG - using default POIXMLDocumentPart for http://schemas.openxmlformats.org/officeDocument/2006/relationships/printerSettings
18:44:07.160 [main] DEBUG - using default POIXMLDocumentPart for http://schemas.openxmlformats.org/officeDocument/2006/relationships/chartUserShapes
18:44:07.161 [main] DEBUG - using default POIXMLDocumentPart for http://schemas.openxmlformats.org/officeDocument/2006/relationships/printerSettings
18:44:07.165 [main] DEBUG - using default POIXMLDocumentPart for http://schemas.openxmlformats.org/officeDocument/2006/relationships/printerSettings
18:44:07.171 [main] DEBUG - using default POIXMLDocumentPart for http://schemas.openxmlformats.org/officeDocument/2006/relationships/chartUserShapes
18:44:07.171 [main] DEBUG - using default POIXMLDocumentPart for http://schemas.openxmlformats.org/officeDocument/2006/relationships/printerSettings
18:44:07.172 [main] DEBUG - using default POIXMLDocumentPart for http://schemas.openxmlformats.org/officeDocument/2006/relationships/printerSettings
18:44:07.176 [main] DEBUG - using default POIXMLDocumentPart for http://schemas.openxmlformats.org/officeDocument/2006/relationships/printerSettings
18:44:07.182 [main] DEBUG - using default POIXMLDocumentPart for http://schemas.openxmlformats.org/officeDocument/2006/relationships/printerSettings
18:44:07.183 [main] TRACE - Resolving type for handle workbookec17doctype
18:44:07.188 [main] TRACE - Resolving type for handle ctworkbook83c3type
18:44:07.194 [main] TRACE - Resolving type for handle ctsheets49fdtype
18:44:07.196 [main] TRACE - Resolving type for handle ctsheet4dbetype
18:44:07.198 [main] TRACE - Resolving type for handle strelationshipid1e94type
18:44:07.200 [main] TRACE - Resolving type for handle worksheetf539doctype
18:44:07.203 [main] TRACE - Resolving type for handle ctworksheet530dtype
18:44:07.210 [main] TRACE - Resolving type for handle ctcols627ctype
18:44:07.212 [main] TRACE - Resolving type for handle ctcola95ftype
18:44:07.226 [main] TRACE - Resolving type for handle ctsheetdata8408type
18:44:07.228 [main] TRACE - Resolving type for handle ctrowdd39type
18:44:07.231 [main] TRACE - Resolving type for handle ctcell842btype
18:44:07.235 [main] TRACE - Resolving type for handle stcellrefe4e0type
18:44:07.264 [main] TRACE - Resolving type for handle ctdefinednamesce48type
18:44:07.266 [main] TRACE - Resolving type for handle ctdefinedname9413type
18:44:07.269 [main] TRACE - Resolving type for handle stxstringf179type
18:44:07.275 [main] TRACE - Resolving type for handle stsheetstate158btype
18:44:07.285 [main] TRACE - Resolving type for handle stcelltypebf95type
18:44:07.293 [main] TRACE - Resolving type for handle ctdrawing44fdtype
18:44:07.297 [main] TRACE - Resolving type for handle cttwocellanchor1e8dtype
18:44:07.302 [main] TRACE - Resolving type for handle ctmarkeree8etype
18:44:07.304 [main] TRACE - Resolving type for handle strowidf4cftype
18:44:07.315 [main] TRACE - Resolving type for handle ctmergecells1242type
18:44:07.316 [main] TRACE - Resolving type for handle ctmergecelle8d9type
18:44:07.317 [main] TRACE - Resolving type for handle stref90a2type
18:44:07.333 [main] TRACE - Resolving type for handle stnumfmtid76fbtype
18:44:07.334 [main] TRACE - Resolving type for handle stfontid9d63type
18:44:07.335 [main] TRACE - Resolving type for handle stfillida097type
18:44:07.335 [main] TRACE - Resolving type for handle stborderid1a80type
18:44:07.336 [main] TRACE - Resolving type for handle stcellstylexfid70c7type
18:44:07.339 [main] TRACE - Resolving type for handle ctcellalignmentb580type
18:44:07.340 [main] TRACE - Resolving type for handle stverticalalignmentd35ctype
